# JRE version: OpenJDK Runtime Environment (8.0_152-b01) (build 1.8.0_152-release-915-b01)
# Java VM: OpenJDK 64-Bit Server VM (25.152-b01 mixed mode windows-amd64 compressed oops)
Heap:
 PSYoungGen      total 311296K, used 91262K [0x00000000e0000000, 0x00000000f9100000, 0x0000000100000000)
  eden space 262144K, 24% used [0x00000000e0000000,0x00000000e3f94ea8,0x00000000f0000000)
  from space 49152K, 53% used [0x00000000f0000000,0x00000000f198ab40,0x00000000f3000000)
  to   space 47616K, 0% used [0x00000000f6280000,0x00000000f6280000,0x00000000f9100000)
 ParOldGen       total 163840K, used 107665K [0x00000000a0000000, 0x00000000aa000000, 0x00000000e0000000)
  object space 163840K, 65% used [0x00000000a0000000,0x00000000a6924488,0x00000000aa000000)
 Metaspace       used 90210K, capacity 96938K, committed 97152K, reserved 1134592K
  class space    used 11342K, capacity 12878K, committed 12928K, reserved 1048576K
GC Heap History (10 events):
Event: 7029.083 GC heap before
{Heap before GC invocations=36 (full 3):
 PSYoungGen      total 233472K, used 201117K [0x00000000e0000000, 0x00000000f2900000, 0x0000000100000000)
  eden space 176128K, 99% used [0x00000000e0000000,0x00000000eab5e6e0,0x00000000eac00000)
  from space 57344K, 44% used [0x00000000ee280000,0x00000000efb890a8,0x00000000f1a80000)
  to   space 55808K, 0% used [0x00000000eac00000,0x00000000eac00000,0x00000000ee280000)
 ParOldGen       total 163840K, used 98222K [0x00000000a0000000, 0x00000000aa000000, 0x00000000e0000000)
  object space 163840K, 59% used [0x00000000a0000000,0x00000000a5febbd0,0x00000000aa000000)
 Metaspace       used 89169K, capacity 95640K, committed 95744K, reserved 1132544K
  class space    used 11266K, capacity 12750K, committed 12800K, reserved 1048576K
Event: 7029.106 GC heap after
Heap after GC invocations=36 (full 3):
 PSYoungGen      total 231936K, used 24672K [0x00000000e0000000, 0x00000000f3f00000, 0x0000000100000000)
  eden space 176128K, 0% used [0x00000000e0000000,0x00000000e0000000,0x00000000eac00000)
  from space 55808K, 44% used [0x00000000eac00000,0x00000000ec4180c0,0x00000000ee280000)
  to   space 54784K, 0% used [0x00000000f0980000,0x00000000f0980000,0x00000000f3f00000)
 ParOldGen       total 163840K, used 99043K [0x00000000a0000000, 0x00000000aa000000, 0x00000000e0000000)
  object space 163840K, 60% used [0x00000000a0000000,0x00000000a60b8d28,0x00000000aa000000)
 Metaspace       used 89169K, capacity 95640K, committed 95744K, reserved 1132544K
  class space    used 11266K, capacity 12750K, committed 12800K, reserved 1048576K
}
Event: 7031.192 GC heap before
{Heap before GC invocations=37 (full 3):
 PSYoungGen      total 231936K, used 200800K [0x00000000e0000000, 0x00000000f3f00000, 0x0000000100000000)
  eden space 176128K, 100% used [0x00000000e0000000,0x00000000eac00000,0x00000000eac00000)
  from space 55808K, 44% used [0x00000000eac00000,0x00000000ec4180c0,0x00000000ee280000)
  to   space 54784K, 0% used [0x00000000f0980000,0x00000000f0980000,0x00000000f3f00000)
 ParOldGen       total 163840K, used 99043K [0x00000000a0000000, 0x00000000aa000000, 0x00000000e0000000)
  object space 163840K, 60% used [0x00000000a0000000,0x00000000a60b8d28,0x00000000aa000000)
 Metaspace       used 89374K, capacity 95938K, committed 96128K, reserved 1132544K
  class space    used 11296K, capacity 12809K, committed 12928K, reserved 1048576K
Event: 7031.225 GC heap after
Heap after GC invocations=37 (full 3):
 PSYoungGen      total 264704K, used 29800K [0x00000000e0000000, 0x00000000f3900000, 0x0000000100000000)
  eden space 216064K, 0% used [0x00000000e0000000,0x00000000e0000000,0x00000000ed300000)
  from space 48640K, 61% used [0x00000000f0980000,0x00000000f269a3b0,0x00000000f3900000)
  to   space 52224K, 0% used [0x00000000ed300000,0x00000000ed300000,0x00000000f0600000)
 ParOldGen       total 163840K, used 99347K [0x00000000a0000000, 0x00000000aa000000, 0x00000000e0000000)
  object space 163840K, 60% used [0x00000000a0000000,0x00000000a6104d80,0x00000000aa000000)
 Metaspace       used 89374K, capacity 95938K, committed 96128K, reserved 1132544K
  class space    used 11296K, capacity 12809K, committed 12928K, reserved 1048576K
}
Event: 7035.503 GC heap before
{Heap before GC invocations=38 (full 3):
 PSYoungGen      total 264704K, used 245864K [0x00000000e0000000, 0x00000000f3900000, 0x0000000100000000)
  eden space 216064K, 100% used [0x00000000e0000000,0x00000000ed300000,0x00000000ed300000)
  from space 48640K, 61% used [0x00000000f0980000,0x00000000f269a3b0,0x00000000f3900000)
  to   space 52224K, 0% used [0x00000000ed300000,0x00000000ed300000,0x00000000f0600000)
 ParOldGen       total 163840K, used 99347K [0x00000000a0000000, 0x00000000aa000000, 0x00000000e0000000)
  object space 163840K, 60% used [0x00000000a0000000,0x00000000a6104d80,0x00000000aa000000)
 Metaspace       used 89477K, capacity 96086K, committed 96384K, reserved 1132544K
  class space    used 11307K, capacity 12827K, committed 12928K, reserved 1048576K
Event: 7035.530 GC heap after
Heap after GC invocations=38 (full 3):
 PSYoungGen      total 268288K, used 30587K [0x00000000e0000000, 0x00000000f6380000, 0x0000000100000000)
  eden space 216064K, 0% used [0x00000000e0000000,0x00000000e0000000,0x00000000ed300000)
  from space 52224K, 58% used [0x00000000ed300000,0x00000000ef0def48,0x00000000f0600000)
  to   space 50176K, 0% used [0x00000000f3280000,0x00000000f3280000,0x00000000f6380000)
 ParOldGen       total 163840K, used 100091K [0x00000000a0000000, 0x00000000aa000000, 0x00000000e0000000)
  object space 163840K, 61% used [0x00000000a0000000,0x00000000a61bede0,0x00000000aa000000)
 Metaspace       used 89477K, capacity 96086K, committed 96384K, reserved 1132544K
  class space    used 11307K, capacity 12827K, committed 12928K, reserved 1048576K
}
Event: 7045.056 GC heap before
{Heap before GC invocations=39 (full 3):
 PSYoungGen      total 268288K, used 246651K [0x00000000e0000000, 0x00000000f6380000, 0x0000000100000000)
  eden space 216064K, 100% used [0x00000000e0000000,0x00000000ed300000,0x00000000ed300000)
  from space 52224K, 58% used [0x00000000ed300000,0x00000000ef0def48,0x00000000f0600000)
  to   space 50176K, 0% used [0x00000000f3280000,0x00000000f3280000,0x00000000f6380000)
 ParOldGen       total 163840K, used 100091K [0x00000000a0000000, 0x00000000aa000000, 0x00000000e0000000)
  object space 163840K, 61% used [0x00000000a0000000,0x00000000a61bede0,0x00000000aa000000)
 Metaspace       used 89940K, capacity 96682K, committed 96896K, reserved 1132544K
  class space    used 11337K, capacity 12878K, committed 12928K, reserved 1048576K
Event: 7045.100 GC heap after
Heap after GC invocations=39 (full 3):
 PSYoungGen      total 308736K, used 26286K [0x00000000e0000000, 0x00000000f6000000, 0x0000000100000000)
  eden space 262144K, 0% used [0x00000000e0000000,0x00000000e0000000,0x00000000f0000000)
  from space 46592K, 56% used [0x00000000f3280000,0x00000000f4c2b988,0x00000000f6000000)
  to   space 49152K, 0% used [0x00000000f0000000,0x00000000f0000000,0x00000000f3000000)
 ParOldGen       total 163840K, used 103497K [0x00000000a0000000, 0x00000000aa000000, 0x00000000e0000000)
  object space 163840K, 63% used [0x00000000a0000000,0x00000000a6512708,0x00000000aa000000)
 Metaspace       used 89940K, capacity 96682K, committed 96896K, reserved 1132544K
  class space    used 11337K, capacity 12878K, committed 12928K, reserved 1048576K
}
Event: 7047.590 GC heap before
{Heap before GC invocations=40 (full 3):
 PSYoungGen      total 308736K, used 288430K [0x00000000e0000000, 0x00000000f6000000, 0x0000000100000000)
  eden space 262144K, 100% used [0x00000000e0000000,0x00000000f0000000,0x00000000f0000000)
  from space 46592K, 56% used [0x00000000f3280000,0x00000000f4c2b988,0x00000000f6000000)
  to   space 49152K, 0% used [0x00000000f0000000,0x00000000f0000000,0x00000000f3000000)
 ParOldGen       total 163840K, used 103497K [0x00000000a0000000, 0x00000000aa000000, 0x00000000e0000000)
  object space 163840K, 63% used [0x00000000a0000000,0x00000000a6512708,0x00000000aa000000)
 Metaspace       used 90206K, capacity 96938K, committed 97152K, reserved 1134592K
  class space    used 11342K, capacity 12878K, committed 12928K, reserved 1048576K
Event: 7047.631 GC heap after
Heap after GC invocations=40 (full 3):
 PSYoungGen      total 311296K, used 26154K [0x00000000e0000000, 0x00000000f9100000, 0x0000000100000000)
  eden space 262144K, 0% used [0x00000000e0000000,0x00000000e0000000,0x00000000f0000000)
  from space 49152K, 53% used [0x00000000f0000000,0x00000000f198ab40,0x00000000f3000000)
  to   space 47616K, 0% used [0x00000000f6280000,0x00000000f6280000,0x00000000f9100000)
 ParOldGen       total 163840K, used 107665K [0x00000000a0000000, 0x00000000aa000000, 0x00000000e0000000)
  object space 163840K, 65% used [0x00000000a0000000,0x00000000a6924488,0x00000000aa000000)
 Metaspace       used 90206K, capacity 96938K, committed 97152K, reserved 1134592K
  class space    used 11342K, capacity 12878K, committed 12928K, reserved 1048576K
}

