# JRE version: OpenJDK Runtime Environment (8.0_152-b01) (build 1.8.0_152-release-915-b01)
# Java VM: OpenJDK 64-Bit Server VM (25.152-b01 mixed mode windows-amd64 compressed oops)
Heap:
 PSYoungGen      total 418816K, used 70751K [0x00000000e0000000, 0x00000000fdf00000, 0x0000000100000000)
  eden space 389120K, 14% used [0x00000000e0000000,0x00000000e36a65a8,0x00000000f7c00000)
  from space 29696K, 49% used [0x00000000f7c00000,0x00000000f8a718a8,0x00000000f9900000)
  to   space 27136K, 0% used [0x00000000fc480000,0x00000000fc480000,0x00000000fdf00000)
 ParOldGen       total 169984K, used 152326K [0x00000000a0000000, 0x00000000aa600000, 0x00000000e0000000)
  object space 169984K, 89% used [0x00000000a0000000,0x00000000a94c1818,0x00000000aa600000)
 Metaspace       used 86672K, capacity 93258K, committed 93440K, reserved 1130496K
  class space    used 10852K, capacity 12417K, committed 12544K, reserved 1048576K
GC Heap History (10 events):
Event: 4829.232 GC heap before
{Heap before GC invocations=56 (full 3):
 PSYoungGen      total 416256K, used 398432K [0x00000000e0000000, 0x00000000fb600000, 0x0000000100000000)
  eden space 389120K, 100% used [0x00000000e0000000,0x00000000f7c00000,0x00000000f7c00000)
  from space 27136K, 34% used [0x00000000f9b80000,0x00000000fa4980a0,0x00000000fb600000)
  to   space 29696K, 0% used [0x00000000f7c00000,0x00000000f7c00000,0x00000000f9900000)
 ParOldGen       total 169984K, used 132398K [0x00000000a0000000, 0x00000000aa600000, 0x00000000e0000000)
  object space 169984K, 77% used [0x00000000a0000000,0x00000000a814b960,0x00000000aa600000)
 Metaspace       used 86635K, capacity 93130K, committed 93440K, reserved 1130496K
  class space    used 10851K, capacity 12417K, committed 12544K, reserved 1048576K
Event: 4829.271 GC heap after
Heap after GC invocations=56 (full 3):
 PSYoungGen      total 418816K, used 9888K [0x00000000e0000000, 0x00000000fb600000, 0x0000000100000000)
  eden space 389120K, 0% used [0x00000000e0000000,0x00000000e0000000,0x00000000f7c00000)
  from space 29696K, 33% used [0x00000000f7c00000,0x00000000f85a80d0,0x00000000f9900000)
  to   space 27136K, 0% used [0x00000000f9b80000,0x00000000f9b80000,0x00000000fb600000)
 ParOldGen       total 169984K, used 136014K [0x00000000a0000000, 0x00000000aa600000, 0x00000000e0000000)
  object space 169984K, 80% used [0x00000000a0000000,0x00000000a84d3960,0x00000000aa600000)
 Metaspace       used 86635K, capacity 93130K, committed 93440K, reserved 1130496K
  class space    used 10851K, capacity 12417K, committed 12544K, reserved 1048576K
}
Event: 4830.240 GC heap before
{Heap before GC invocations=57 (full 3):
 PSYoungGen      total 418816K, used 399008K [0x00000000e0000000, 0x00000000fb600000, 0x0000000100000000)
  eden space 389120K, 100% used [0x00000000e0000000,0x00000000f7c00000,0x00000000f7c00000)
  from space 29696K, 33% used [0x00000000f7c00000,0x00000000f85a80d0,0x00000000f9900000)
  to   space 27136K, 0% used [0x00000000f9b80000,0x00000000f9b80000,0x00000000fb600000)
 ParOldGen       total 169984K, used 136014K [0x00000000a0000000, 0x00000000aa600000, 0x00000000e0000000)
  object space 169984K, 80% used [0x00000000a0000000,0x00000000a84d3960,0x00000000aa600000)
 Metaspace       used 86647K, capacity 93194K, committed 93440K, reserved 1130496K
  class space    used 10851K, capacity 12417K, committed 12544K, reserved 1048576K
Event: 4830.266 GC heap after
Heap after GC invocations=57 (full 3):
 PSYoungGen      total 416256K, used 6576K [0x00000000e0000000, 0x00000000fb600000, 0x0000000100000000)
  eden space 389120K, 0% used [0x00000000e0000000,0x00000000e0000000,0x00000000f7c00000)
  from space 27136K, 24% used [0x00000000f9b80000,0x00000000fa1ec0f0,0x00000000fb600000)
  to   space 29696K, 0% used [0x00000000f7c00000,0x00000000f7c00000,0x00000000f9900000)
 ParOldGen       total 169984K, used 140686K [0x00000000a0000000, 0x00000000aa600000, 0x00000000e0000000)
  object space 169984K, 82% used [0x00000000a0000000,0x00000000a8963818,0x00000000aa600000)
 Metaspace       used 86647K, capacity 93194K, committed 93440K, reserved 1130496K
  class space    used 10851K, capacity 12417K, committed 12544K, reserved 1048576K
}
Event: 4831.146 GC heap before
{Heap before GC invocations=58 (full 3):
 PSYoungGen      total 416256K, used 395696K [0x00000000e0000000, 0x00000000fb600000, 0x0000000100000000)
  eden space 389120K, 100% used [0x00000000e0000000,0x00000000f7c00000,0x00000000f7c00000)
  from space 27136K, 24% used [0x00000000f9b80000,0x00000000fa1ec0f0,0x00000000fb600000)
  to   space 29696K, 0% used [0x00000000f7c00000,0x00000000f7c00000,0x00000000f9900000)
 ParOldGen       total 169984K, used 140686K [0x00000000a0000000, 0x00000000aa600000, 0x00000000e0000000)
  object space 169984K, 82% used [0x00000000a0000000,0x00000000a8963818,0x00000000aa600000)
 Metaspace       used 86650K, capacity 93194K, committed 93440K, reserved 1130496K
  class space    used 10852K, capacity 12417K, committed 12544K, reserved 1048576K
Event: 4831.176 GC heap after
Heap after GC invocations=58 (full 3):
 PSYoungGen      total 418816K, used 8480K [0x00000000e0000000, 0x00000000fb600000, 0x0000000100000000)
  eden space 389120K, 0% used [0x00000000e0000000,0x00000000e0000000,0x00000000f7c00000)
  from space 29696K, 28% used [0x00000000f7c00000,0x00000000f84480a0,0x00000000f9900000)
  to   space 27136K, 0% used [0x00000000f9b80000,0x00000000f9b80000,0x00000000fb600000)
 ParOldGen       total 169984K, used 144190K [0x00000000a0000000, 0x00000000aa600000, 0x00000000e0000000)
  object space 169984K, 84% used [0x00000000a0000000,0x00000000a8ccf818,0x00000000aa600000)
 Metaspace       used 86650K, capacity 93194K, committed 93440K, reserved 1130496K
  class space    used 10852K, capacity 12417K, committed 12544K, reserved 1048576K
}
Event: 4832.046 GC heap before
{Heap before GC invocations=59 (full 3):
 PSYoungGen      total 418816K, used 397600K [0x00000000e0000000, 0x00000000fb600000, 0x0000000100000000)
  eden space 389120K, 100% used [0x00000000e0000000,0x00000000f7c00000,0x00000000f7c00000)
  from space 29696K, 28% used [0x00000000f7c00000,0x00000000f84480a0,0x00000000f9900000)
  to   space 27136K, 0% used [0x00000000f9b80000,0x00000000f9b80000,0x00000000fb600000)
 ParOldGen       total 169984K, used 144190K [0x00000000a0000000, 0x00000000aa600000, 0x00000000e0000000)
  object space 169984K, 84% used [0x00000000a0000000,0x00000000a8ccf818,0x00000000aa600000)
 Metaspace       used 86650K, capacity 93194K, committed 93440K, reserved 1130496K
  class space    used 10852K, capacity 12417K, committed 12544K, reserved 1048576K
Event: 4832.073 GC heap after
Heap after GC invocations=59 (full 3):
 PSYoungGen      total 416256K, used 6464K [0x00000000e0000000, 0x00000000fb600000, 0x0000000100000000)
  eden space 389120K, 0% used [0x00000000e0000000,0x00000000e0000000,0x00000000f7c00000)
  from space 27136K, 23% used [0x00000000f9b80000,0x00000000fa1d00a0,0x00000000fb600000)
  to   space 29696K, 0% used [0x00000000f7c00000,0x00000000f7c00000,0x00000000f9900000)
 ParOldGen       total 169984K, used 148646K [0x00000000a0000000, 0x00000000aa600000, 0x00000000e0000000)
  object space 169984K, 87% used [0x00000000a0000000,0x00000000a9129818,0x00000000aa600000)
 Metaspace       used 86650K, capacity 93194K, committed 93440K, reserved 1130496K
  class space    used 10852K, capacity 12417K, committed 12544K, reserved 1048576K
}
Event: 4833.955 GC heap before
{Heap before GC invocations=60 (full 3):
 PSYoungGen      total 416256K, used 395584K [0x00000000e0000000, 0x00000000fb600000, 0x0000000100000000)
  eden space 389120K, 100% used [0x00000000e0000000,0x00000000f7c00000,0x00000000f7c00000)
  from space 27136K, 23% used [0x00000000f9b80000,0x00000000fa1d00a0,0x00000000fb600000)
  to   space 29696K, 0% used [0x00000000f7c00000,0x00000000f7c00000,0x00000000f9900000)
 ParOldGen       total 169984K, used 148646K [0x00000000a0000000, 0x00000000aa600000, 0x00000000e0000000)
  object space 169984K, 87% used [0x00000000a0000000,0x00000000a9129818,0x00000000aa600000)
 Metaspace       used 86672K, capacity 93258K, committed 93440K, reserved 1130496K
  class space    used 10852K, capacity 12417K, committed 12544K, reserved 1048576K
Event: 4833.980 GC heap after
Heap after GC invocations=60 (full 3):
 PSYoungGen      total 418816K, used 14790K [0x00000000e0000000, 0x00000000fdf00000, 0x0000000100000000)
  eden space 389120K, 0% used [0x00000000e0000000,0x00000000e0000000,0x00000000f7c00000)
  from space 29696K, 49% used [0x00000000f7c00000,0x00000000f8a718a8,0x00000000f9900000)
  to   space 27136K, 0% used [0x00000000fc480000,0x00000000fc480000,0x00000000fdf00000)
 ParOldGen       total 169984K, used 152326K [0x00000000a0000000, 0x00000000aa600000, 0x00000000e0000000)
  object space 169984K, 89% used [0x00000000a0000000,0x00000000a94c1818,0x00000000aa600000)
 Metaspace       used 86672K, capacity 93258K, committed 93440K, reserved 1130496K
  class space    used 10852K, capacity 12417K, committed 12544K, reserved 1048576K
}

