# JRE version: OpenJDK Runtime Environment (8.0_152-b01) (build 1.8.0_152-release-915-b01)
# Java VM: OpenJDK 64-Bit Server VM (25.152-b01 mixed mode windows-amd64 compressed oops)
Heap:
 PSYoungGen      total 448000K, used 127347K [0x00000000e0000000, 0x00000000ffe80000, 0x0000000100000000)
  eden space 417280K, 27% used [0x00000000e0000000,0x00000000e6f3cca0,0x00000000f9780000)
  from space 30720K, 43% used [0x00000000fb500000,0x00000000fc2200d0,0x00000000fd300000)
  to   space 30208K, 0% used [0x00000000f9780000,0x00000000f9780000,0x00000000fb500000)
 ParOldGen       total 164352K, used 64647K [0x00000000a0000000, 0x00000000aa080000, 0x00000000e0000000)
  object space 164352K, 39% used [0x00000000a0000000,0x00000000a3f21c90,0x00000000aa080000)
 Metaspace       used 58907K, capacity 60882K, committed 61272K, reserved 1101824K
  class space    used 7699K, capacity 8202K, committed 8320K, reserved 1048576K
GC Heap History (10 events):
Event: 21.247 GC heap before
{Heap before GC invocations=21 (full 3):
 PSYoungGen      total 306176K, used 306160K [0x00000000e0000000, 0x00000000f8580000, 0x0000000100000000)
  eden space 282112K, 100% used [0x00000000e0000000,0x00000000f1380000,0x00000000f1380000)
  from space 24064K, 99% used [0x00000000f1380000,0x00000000f2afc128,0x00000000f2b00000)
  to   space 28160K, 0% used [0x00000000f6a00000,0x00000000f6a00000,0x00000000f8580000)
 ParOldGen       total 164352K, used 42796K [0x00000000a0000000, 0x00000000aa080000, 0x00000000e0000000)
  object space 164352K, 26% used [0x00000000a0000000,0x00000000a29cb2a8,0x00000000aa080000)
 Metaspace       used 58830K, capacity 60754K, committed 61016K, reserved 1101824K
  class space    used 7698K, capacity 8202K, committed 8320K, reserved 1048576K
Event: 21.308 GC heap after
Heap after GC invocations=21 (full 3):
 PSYoungGen      total 369152K, used 21232K [0x00000000e0000000, 0x00000000f8d00000, 0x0000000100000000)
  eden space 340992K, 0% used [0x00000000e0000000,0x00000000e0000000,0x00000000f4d00000)
  from space 28160K, 75% used [0x00000000f6a00000,0x00000000f7ebc0e8,0x00000000f8580000)
  to   space 29696K, 0% used [0x00000000f4d00000,0x00000000f4d00000,0x00000000f6a00000)
 ParOldGen       total 164352K, used 42796K [0x00000000a0000000, 0x00000000aa080000, 0x00000000e0000000)
  object space 164352K, 26% used [0x00000000a0000000,0x00000000a29cb2a8,0x00000000aa080000)
 Metaspace       used 58830K, capacity 60754K, committed 61016K, reserved 1101824K
  class space    used 7698K, capacity 8202K, committed 8320K, reserved 1048576K
}
Event: 22.677 GC heap before
{Heap before GC invocations=22 (full 3):
 PSYoungGen      total 369152K, used 362224K [0x00000000e0000000, 0x00000000f8d00000, 0x0000000100000000)
  eden space 340992K, 100% used [0x00000000e0000000,0x00000000f4d00000,0x00000000f4d00000)
  from space 28160K, 75% used [0x00000000f6a00000,0x00000000f7ebc0e8,0x00000000f8580000)
  to   space 29696K, 0% used [0x00000000f4d00000,0x00000000f4d00000,0x00000000f6a00000)
 ParOldGen       total 164352K, used 42796K [0x00000000a0000000, 0x00000000aa080000, 0x00000000e0000000)
  object space 164352K, 26% used [0x00000000a0000000,0x00000000a29cb2a8,0x00000000aa080000)
 Metaspace       used 58859K, capacity 60882K, committed 61272K, reserved 1101824K
  class space    used 7698K, capacity 8202K, committed 8320K, reserved 1048576K
Event: 22.710 GC heap after
Heap after GC invocations=22 (full 3):
 PSYoungGen      total 370688K, used 21968K [0x00000000e0000000, 0x00000000fd300000, 0x0000000100000000)
  eden space 340992K, 0% used [0x00000000e0000000,0x00000000e0000000,0x00000000f4d00000)
  from space 29696K, 73% used [0x00000000f4d00000,0x00000000f62740b0,0x00000000f6a00000)
  to   space 30720K, 0% used [0x00000000fb500000,0x00000000fb500000,0x00000000fd300000)
 ParOldGen       total 164352K, used 47244K [0x00000000a0000000, 0x00000000aa080000, 0x00000000e0000000)
  object space 164352K, 28% used [0x00000000a0000000,0x00000000a2e232c0,0x00000000aa080000)
 Metaspace       used 58859K, capacity 60882K, committed 61272K, reserved 1101824K
  class space    used 7698K, capacity 8202K, committed 8320K, reserved 1048576K
}
Event: 23.916 GC heap before
{Heap before GC invocations=23 (full 3):
 PSYoungGen      total 370688K, used 362960K [0x00000000e0000000, 0x00000000fd300000, 0x0000000100000000)
  eden space 340992K, 100% used [0x00000000e0000000,0x00000000f4d00000,0x00000000f4d00000)
  from space 29696K, 73% used [0x00000000f4d00000,0x00000000f62740b0,0x00000000f6a00000)
  to   space 30720K, 0% used [0x00000000fb500000,0x00000000fb500000,0x00000000fd300000)
 ParOldGen       total 164352K, used 47244K [0x00000000a0000000, 0x00000000aa080000, 0x00000000e0000000)
  object space 164352K, 28% used [0x00000000a0000000,0x00000000a2e232c0,0x00000000aa080000)
 Metaspace       used 58881K, capacity 60882K, committed 61272K, reserved 1101824K
  class space    used 7698K, capacity 8202K, committed 8320K, reserved 1048576K
Event: 23.957 GC heap after
Heap after GC invocations=23 (full 3):
 PSYoungGen      total 446976K, used 20160K [0x00000000e0000000, 0x00000000fd480000, 0x0000000100000000)
  eden space 416256K, 0% used [0x00000000e0000000,0x00000000e0000000,0x00000000f9680000)
  from space 30720K, 65% used [0x00000000fb500000,0x00000000fc8b00e0,0x00000000fd300000)
  to   space 31232K, 0% used [0x00000000f9680000,0x00000000f9680000,0x00000000fb500000)
 ParOldGen       total 164352K, used 52028K [0x00000000a0000000, 0x00000000aa080000, 0x00000000e0000000)
  object space 164352K, 31% used [0x00000000a0000000,0x00000000a32cf2c0,0x00000000aa080000)
 Metaspace       used 58881K, capacity 60882K, committed 61272K, reserved 1101824K
  class space    used 7698K, capacity 8202K, committed 8320K, reserved 1048576K
}
Event: 25.549 GC heap before
{Heap before GC invocations=24 (full 3):
 PSYoungGen      total 446976K, used 436416K [0x00000000e0000000, 0x00000000fd480000, 0x0000000100000000)
  eden space 416256K, 100% used [0x00000000e0000000,0x00000000f9680000,0x00000000f9680000)
  from space 30720K, 65% used [0x00000000fb500000,0x00000000fc8b00e0,0x00000000fd300000)
  to   space 31232K, 0% used [0x00000000f9680000,0x00000000f9680000,0x00000000fb500000)
 ParOldGen       total 164352K, used 52030K [0x00000000a0000000, 0x00000000aa080000, 0x00000000e0000000)
  object space 164352K, 31% used [0x00000000a0000000,0x00000000a32cfb68,0x00000000aa080000)
 Metaspace       used 58898K, capacity 60882K, committed 61272K, reserved 1101824K
  class space    used 7698K, capacity 8202K, committed 8320K, reserved 1048576K
Event: 25.593 GC heap after
Heap after GC invocations=24 (full 3):
 PSYoungGen      total 447488K, used 20000K [0x00000000e0000000, 0x00000000fd480000, 0x0000000100000000)
  eden space 416256K, 0% used [0x00000000e0000000,0x00000000e0000000,0x00000000f9680000)
  from space 31232K, 64% used [0x00000000f9680000,0x00000000faa080d0,0x00000000fb500000)
  to   space 30720K, 0% used [0x00000000fb500000,0x00000000fb500000,0x00000000fd300000)
 ParOldGen       total 164352K, used 58368K [0x00000000a0000000, 0x00000000aa080000, 0x00000000e0000000)
  object space 164352K, 35% used [0x00000000a0000000,0x00000000a39001a8,0x00000000aa080000)
 Metaspace       used 58898K, capacity 60882K, committed 61272K, reserved 1101824K
  class space    used 7698K, capacity 8202K, committed 8320K, reserved 1048576K
}
Event: 25.600 GC heap before
{Heap before GC invocations=25 (full 3):
 PSYoungGen      total 447488K, used 26177K [0x00000000e0000000, 0x00000000fd480000, 0x0000000100000000)
  eden space 416256K, 1% used [0x00000000e0000000,0x00000000e06085b0,0x00000000f9680000)
  from space 31232K, 64% used [0x00000000f9680000,0x00000000faa080d0,0x00000000fb500000)
  to   space 30720K, 0% used [0x00000000fb500000,0x00000000fb500000,0x00000000fd300000)
 ParOldGen       total 164352K, used 58368K [0x00000000a0000000, 0x00000000aa080000, 0x00000000e0000000)
  object space 164352K, 35% used [0x00000000a0000000,0x00000000a39001a8,0x00000000aa080000)
 Metaspace       used 58898K, capacity 60882K, committed 61272K, reserved 1101824K
  class space    used 7698K, capacity 8202K, committed 8320K, reserved 1048576K
Event: 25.632 GC heap after
Heap after GC invocations=25 (full 3):
 PSYoungGen      total 448000K, used 13440K [0x00000000e0000000, 0x00000000ffe80000, 0x0000000100000000)
  eden space 417280K, 0% used [0x00000000e0000000,0x00000000e0000000,0x00000000f9780000)
  from space 30720K, 43% used [0x00000000fb500000,0x00000000fc2200d0,0x00000000fd300000)
  to   space 30208K, 0% used [0x00000000f9780000,0x00000000f9780000,0x00000000fb500000)
 ParOldGen       total 164352K, used 64647K [0x00000000a0000000, 0x00000000aa080000, 0x00000000e0000000)
  object space 164352K, 39% used [0x00000000a0000000,0x00000000a3f21c90,0x00000000aa080000)
 Metaspace       used 58898K, capacity 60882K, committed 61272K, reserved 1101824K
  class space    used 7698K, capacity 8202K, committed 8320K, reserved 1048576K
}

