# JRE version: OpenJDK Runtime Environment (8.0_152-b01) (build 1.8.0_152-release-915-b01)
# Java VM: OpenJDK 64-Bit Server VM (25.152-b01 mixed mode windows-amd64 compressed oops)
Heap:
 PSYoungGen      total 369664K, used 349946K [0x00000000e0000000, 0x00000000fa780000, 0x0000000100000000)
  eden space 327168K, 95% used [0x00000000e0000000,0x00000000f30a3278,0x00000000f3f80000)
  from space 42496K, 89% used [0x00000000f6d80000,0x00000000f929b908,0x00000000f9700000)
  to   space 47104K, 0% used [0x00000000f3f80000,0x00000000f3f80000,0x00000000f6d80000)
 ParOldGen       total 169472K, used 51213K [0x00000000a0000000, 0x00000000aa580000, 0x00000000e0000000)
  object space 169472K, 30% used [0x00000000a0000000,0x00000000a3203788,0x00000000aa580000)
 Metaspace       used 77665K, capacity 81550K, committed 81792K, reserved 1120256K
  class space    used 9920K, capacity 10863K, committed 10880K, reserved 1048576K
GC Heap History (10 events):
Event: 57.851 GC heap before
{Heap before GC invocations=19 (full 3):
 PSYoungGen      total 256512K, used 240357K [0x00000000e0000000, 0x00000000f3200000, 0x0000000100000000)
  eden space 227840K, 100% used [0x00000000e0000000,0x00000000ede80000,0x00000000ede80000)
  from space 28672K, 43% used [0x00000000ede80000,0x00000000eeab9408,0x00000000efa80000)
  to   space 27136K, 0% used [0x00000000f1780000,0x00000000f1780000,0x00000000f3200000)
 ParOldGen       total 169472K, used 51165K [0x00000000a0000000, 0x00000000aa580000, 0x00000000e0000000)
  object space 169472K, 30% used [0x00000000a0000000,0x00000000a31f7788,0x00000000aa580000)
 Metaspace       used 71953K, capacity 75360K, committed 75520K, reserved 1114112K
  class space    used 9370K, capacity 10209K, committed 10240K, reserved 1048576K
Event: 57.937 GC heap after
Heap after GC invocations=19 (full 3):
 PSYoungGen      total 282624K, used 26379K [0x00000000e0000000, 0x00000000f3980000, 0x0000000100000000)
  eden space 255488K, 0% used [0x00000000e0000000,0x00000000e0000000,0x00000000ef980000)
  from space 27136K, 97% used [0x00000000f1780000,0x00000000f3142e70,0x00000000f3200000)
  to   space 30720K, 0% used [0x00000000ef980000,0x00000000ef980000,0x00000000f1780000)
 ParOldGen       total 169472K, used 51173K [0x00000000a0000000, 0x00000000aa580000, 0x00000000e0000000)
  object space 169472K, 30% used [0x00000000a0000000,0x00000000a31f9788,0x00000000aa580000)
 Metaspace       used 71953K, capacity 75360K, committed 75520K, reserved 1114112K
  class space    used 9370K, capacity 10209K, committed 10240K, reserved 1048576K
}
Event: 58.430 GC heap before
{Heap before GC invocations=20 (full 3):
 PSYoungGen      total 282624K, used 281851K [0x00000000e0000000, 0x00000000f3980000, 0x0000000100000000)
  eden space 255488K, 99% used [0x00000000e0000000,0x00000000ef97bef0,0x00000000ef980000)
  from space 27136K, 97% used [0x00000000f1780000,0x00000000f3142e70,0x00000000f3200000)
  to   space 30720K, 0% used [0x00000000ef980000,0x00000000ef980000,0x00000000f1780000)
 ParOldGen       total 169472K, used 51173K [0x00000000a0000000, 0x00000000aa580000, 0x00000000e0000000)
  object space 169472K, 30% used [0x00000000a0000000,0x00000000a31f9788,0x00000000aa580000)
 Metaspace       used 72800K, capacity 76360K, committed 76416K, reserved 1116160K
  class space    used 9493K, capacity 10367K, committed 10368K, reserved 1048576K
Event: 58.452 GC heap after
Heap after GC invocations=20 (full 3):
 PSYoungGen      total 286208K, used 27745K [0x00000000e0000000, 0x00000000f6080000, 0x0000000100000000)
  eden space 255488K, 0% used [0x00000000e0000000,0x00000000e0000000,0x00000000ef980000)
  from space 30720K, 90% used [0x00000000ef980000,0x00000000f14986b8,0x00000000f1780000)
  to   space 33792K, 0% used [0x00000000f3f80000,0x00000000f3f80000,0x00000000f6080000)
 ParOldGen       total 169472K, used 51181K [0x00000000a0000000, 0x00000000aa580000, 0x00000000e0000000)
  object space 169472K, 30% used [0x00000000a0000000,0x00000000a31fb788,0x00000000aa580000)
 Metaspace       used 72800K, capacity 76360K, committed 76416K, reserved 1116160K
  class space    used 9493K, capacity 10367K, committed 10368K, reserved 1048576K
}
Event: 60.559 GC heap before
{Heap before GC invocations=21 (full 3):
 PSYoungGen      total 286208K, used 283233K [0x00000000e0000000, 0x00000000f6080000, 0x0000000100000000)
  eden space 255488K, 100% used [0x00000000e0000000,0x00000000ef980000,0x00000000ef980000)
  from space 30720K, 90% used [0x00000000ef980000,0x00000000f14986b8,0x00000000f1780000)
  to   space 33792K, 0% used [0x00000000f3f80000,0x00000000f3f80000,0x00000000f6080000)
 ParOldGen       total 169472K, used 51181K [0x00000000a0000000, 0x00000000aa580000, 0x00000000e0000000)
  object space 169472K, 30% used [0x00000000a0000000,0x00000000a31fb788,0x00000000aa580000)
 Metaspace       used 74175K, capacity 77974K, committed 78208K, reserved 1116160K
  class space    used 9643K, capacity 10539K, committed 10624K, reserved 1048576K
Event: 60.604 GC heap after
Heap after GC invocations=21 (full 3):
 PSYoungGen      total 323584K, used 30312K [0x00000000e0000000, 0x00000000f6880000, 0x0000000100000000)
  eden space 289792K, 0% used [0x00000000e0000000,0x00000000e0000000,0x00000000f1b00000)
  from space 33792K, 89% used [0x00000000f3f80000,0x00000000f5d1a0b8,0x00000000f6080000)
  to   space 37376K, 0% used [0x00000000f1b00000,0x00000000f1b00000,0x00000000f3f80000)
 ParOldGen       total 169472K, used 51189K [0x00000000a0000000, 0x00000000aa580000, 0x00000000e0000000)
  object space 169472K, 30% used [0x00000000a0000000,0x00000000a31fd788,0x00000000aa580000)
 Metaspace       used 74175K, capacity 77974K, committed 78208K, reserved 1116160K
  class space    used 9643K, capacity 10539K, committed 10624K, reserved 1048576K
}
Event: 64.346 GC heap before
{Heap before GC invocations=22 (full 3):
 PSYoungGen      total 323584K, used 320104K [0x00000000e0000000, 0x00000000f6880000, 0x0000000100000000)
  eden space 289792K, 100% used [0x00000000e0000000,0x00000000f1b00000,0x00000000f1b00000)
  from space 33792K, 89% used [0x00000000f3f80000,0x00000000f5d1a0b8,0x00000000f6080000)
  to   space 37376K, 0% used [0x00000000f1b00000,0x00000000f1b00000,0x00000000f3f80000)
 ParOldGen       total 169472K, used 51189K [0x00000000a0000000, 0x00000000aa580000, 0x00000000e0000000)
  object space 169472K, 30% used [0x00000000a0000000,0x00000000a31fd788,0x00000000aa580000)
 Metaspace       used 77535K, capacity 81352K, committed 81536K, reserved 1120256K
  class space    used 9920K, capacity 10862K, committed 10880K, reserved 1048576K
Event: 64.395 GC heap after
Heap after GC invocations=22 (full 3):
 PSYoungGen      total 327168K, used 36874K [0x00000000e0000000, 0x00000000f9700000, 0x0000000100000000)
  eden space 289792K, 0% used [0x00000000e0000000,0x00000000e0000000,0x00000000f1b00000)
  from space 37376K, 98% used [0x00000000f1b00000,0x00000000f3f029b8,0x00000000f3f80000)
  to   space 42496K, 0% used [0x00000000f6d80000,0x00000000f6d80000,0x00000000f9700000)
 ParOldGen       total 169472K, used 51205K [0x00000000a0000000, 0x00000000aa580000, 0x00000000e0000000)
  object space 169472K, 30% used [0x00000000a0000000,0x00000000a3201788,0x00000000aa580000)
 Metaspace       used 77535K, capacity 81352K, committed 81536K, reserved 1120256K
  class space    used 9920K, capacity 10862K, committed 10880K, reserved 1048576K
}
Event: 65.859 GC heap before
{Heap before GC invocations=23 (full 3):
 PSYoungGen      total 327168K, used 326666K [0x00000000e0000000, 0x00000000f9700000, 0x0000000100000000)
  eden space 289792K, 100% used [0x00000000e0000000,0x00000000f1b00000,0x00000000f1b00000)
  from space 37376K, 98% used [0x00000000f1b00000,0x00000000f3f029b8,0x00000000f3f80000)
  to   space 42496K, 0% used [0x00000000f6d80000,0x00000000f6d80000,0x00000000f9700000)
 ParOldGen       total 169472K, used 51205K [0x00000000a0000000, 0x00000000aa580000, 0x00000000e0000000)
  object space 169472K, 30% used [0x00000000a0000000,0x00000000a3201788,0x00000000aa580000)
 Metaspace       used 77636K, capacity 81544K, committed 81792K, reserved 1120256K
  class space    used 9920K, capacity 10862K, committed 10880K, reserved 1048576K
Event: 65.918 GC heap after
Heap after GC invocations=23 (full 3):
 PSYoungGen      total 369664K, used 37998K [0x00000000e0000000, 0x00000000fa780000, 0x0000000100000000)
  eden space 327168K, 0% used [0x00000000e0000000,0x00000000e0000000,0x00000000f3f80000)
  from space 42496K, 89% used [0x00000000f6d80000,0x00000000f929b908,0x00000000f9700000)
  to   space 47104K, 0% used [0x00000000f3f80000,0x00000000f3f80000,0x00000000f6d80000)
 ParOldGen       total 169472K, used 51213K [0x00000000a0000000, 0x00000000aa580000, 0x00000000e0000000)
  object space 169472K, 30% used [0x00000000a0000000,0x00000000a3203788,0x00000000aa580000)
 Metaspace       used 77636K, capacity 81544K, committed 81792K, reserved 1120256K
  class space    used 9920K, capacity 10862K, committed 10880K, reserved 1048576K
}

