# JRE version: OpenJDK Runtime Environment (8.0_152-b01) (build 1.8.0_152-release-915-b01)
# Java VM: OpenJDK 64-Bit Server VM (25.152-b01 mixed mode windows-amd64 compressed oops)
Heap:
 PSYoungGen      total 110592K, used 69991K [0x00000000e0000000, 0x00000000e9f00000, 0x0000000100000000)
  eden space 104448K, 61% used [0x00000000e0000000,0x00000000e3eadae8,0x00000000e6600000)
  from space 6144K, 94% used [0x00000000e6880000,0x00000000e6e2c168,0x00000000e6e80000)
  to   space 29184K, 0% used [0x00000000e8280000,0x00000000e8280000,0x00000000e9f00000)
 ParOldGen       total 164864K, used 106862K [0x00000000a0000000, 0x00000000aa100000, 0x00000000e0000000)
  object space 164864K, 64% used [0x00000000a0000000,0x00000000a685b978,0x00000000aa100000)
 Metaspace       used 81804K, capacity 88240K, committed 88320K, reserved 1126400K
  class space    used 10422K, capacity 11955K, committed 12032K, reserved 1048576K
GC Heap History (10 events):
Event: 5874.279 GC heap before
{Heap before GC invocations=42 (full 3):
 PSYoungGen      total 145408K, used 137076K [0x00000000e0000000, 0x00000000eaf00000, 0x0000000100000000)
  eden space 117760K, 100% used [0x00000000e0000000,0x00000000e7300000,0x00000000e7300000)
  from space 27648K, 69% used [0x00000000e9400000,0x00000000ea6dd268,0x00000000eaf00000)
  to   space 30720K, 0% used [0x00000000e7300000,0x00000000e7300000,0x00000000e9100000)
 ParOldGen       total 164864K, used 106175K [0x00000000a0000000, 0x00000000aa100000, 0x00000000e0000000)
  object space 164864K, 64% used [0x00000000a0000000,0x00000000a67aff28,0x00000000aa100000)
 Metaspace       used 81349K, capacity 87394K, committed 87680K, reserved 1124352K
  class space    used 10356K, capacity 11796K, committed 11904K, reserved 1048576K
Event: 5874.289 GC heap after
Heap after GC invocations=42 (full 3):
 PSYoungGen      total 124928K, used 10039K [0x00000000e0000000, 0x00000000eab00000, 0x0000000100000000)
  eden space 114688K, 0% used [0x00000000e0000000,0x00000000e0000000,0x00000000e7000000)
  from space 10240K, 98% used [0x00000000e7300000,0x00000000e7ccde38,0x00000000e7d00000)
  to   space 30208K, 0% used [0x00000000e8d80000,0x00000000e8d80000,0x00000000eab00000)
 ParOldGen       total 164864K, used 106427K [0x00000000a0000000, 0x00000000aa100000, 0x00000000e0000000)
  object space 164864K, 64% used [0x00000000a0000000,0x00000000a67eec50,0x00000000aa100000)
 Metaspace       used 81349K, capacity 87394K, committed 87680K, reserved 1124352K
  class space    used 10356K, capacity 11796K, committed 11904K, reserved 1048576K
}
Event: 5961.455 GC heap before
{Heap before GC invocations=43 (full 3):
 PSYoungGen      total 124928K, used 124727K [0x00000000e0000000, 0x00000000eab00000, 0x0000000100000000)
  eden space 114688K, 100% used [0x00000000e0000000,0x00000000e7000000,0x00000000e7000000)
  from space 10240K, 98% used [0x00000000e7300000,0x00000000e7ccde38,0x00000000e7d00000)
  to   space 30208K, 0% used [0x00000000e8d80000,0x00000000e8d80000,0x00000000eab00000)
 ParOldGen       total 164864K, used 106427K [0x00000000a0000000, 0x00000000aa100000, 0x00000000e0000000)
  object space 164864K, 64% used [0x00000000a0000000,0x00000000a67eec50,0x00000000aa100000)
 Metaspace       used 81409K, capacity 87514K, committed 87680K, reserved 1124352K
  class space    used 10367K, capacity 11836K, committed 11904K, reserved 1048576K
Event: 5961.462 GC heap after
Heap after GC invocations=43 (full 3):
 PSYoungGen      total 139776K, used 6384K [0x00000000e0000000, 0x00000000ea880000, 0x0000000100000000)
  eden space 112128K, 0% used [0x00000000e0000000,0x00000000e0000000,0x00000000e6d80000)
  from space 27648K, 23% used [0x00000000e8d80000,0x00000000e93bc170,0x00000000ea880000)
  to   space 30208K, 0% used [0x00000000e6d80000,0x00000000e6d80000,0x00000000e8b00000)
 ParOldGen       total 164864K, used 106531K [0x00000000a0000000, 0x00000000aa100000, 0x00000000e0000000)
  object space 164864K, 64% used [0x00000000a0000000,0x00000000a6808c50,0x00000000aa100000)
 Metaspace       used 81409K, capacity 87514K, committed 87680K, reserved 1124352K
  class space    used 10367K, capacity 11836K, committed 11904K, reserved 1048576K
}
Event: 5962.712 GC heap before
{Heap before GC invocations=44 (full 3):
 PSYoungGen      total 139776K, used 118512K [0x00000000e0000000, 0x00000000ea880000, 0x0000000100000000)
  eden space 112128K, 100% used [0x00000000e0000000,0x00000000e6d80000,0x00000000e6d80000)
  from space 27648K, 23% used [0x00000000e8d80000,0x00000000e93bc170,0x00000000ea880000)
  to   space 30208K, 0% used [0x00000000e6d80000,0x00000000e6d80000,0x00000000e8b00000)
 ParOldGen       total 164864K, used 106531K [0x00000000a0000000, 0x00000000aa100000, 0x00000000e0000000)
  object space 164864K, 64% used [0x00000000a0000000,0x00000000a6808c50,0x00000000aa100000)
 Metaspace       used 81529K, capacity 87710K, committed 87936K, reserved 1126400K
  class space    used 10379K, capacity 11858K, committed 11904K, reserved 1048576K
Event: 5962.732 GC heap after
Heap after GC invocations=44 (full 3):
 PSYoungGen      total 127488K, used 17652K [0x00000000e0000000, 0x00000000ea600000, 0x0000000100000000)
  eden space 109568K, 0% used [0x00000000e0000000,0x00000000e0000000,0x00000000e6b00000)
  from space 17920K, 98% used [0x00000000e6d80000,0x00000000e7ebd018,0x00000000e7f00000)
  to   space 30208K, 0% used [0x00000000e8880000,0x00000000e8880000,0x00000000ea600000)
 ParOldGen       total 164864K, used 106798K [0x00000000a0000000, 0x00000000aa100000, 0x00000000e0000000)
  object space 164864K, 64% used [0x00000000a0000000,0x00000000a684b978,0x00000000aa100000)
 Metaspace       used 81529K, capacity 87710K, committed 87936K, reserved 1126400K
  class space    used 10379K, capacity 11858K, committed 11904K, reserved 1048576K
}
Event: 5964.236 GC heap before
{Heap before GC invocations=45 (full 3):
 PSYoungGen      total 127488K, used 127220K [0x00000000e0000000, 0x00000000ea600000, 0x0000000100000000)
  eden space 109568K, 100% used [0x00000000e0000000,0x00000000e6b00000,0x00000000e6b00000)
  from space 17920K, 98% used [0x00000000e6d80000,0x00000000e7ebd018,0x00000000e7f00000)
  to   space 30208K, 0% used [0x00000000e8880000,0x00000000e8880000,0x00000000ea600000)
 ParOldGen       total 164864K, used 106798K [0x00000000a0000000, 0x00000000aa100000, 0x00000000e0000000)
  object space 164864K, 64% used [0x00000000a0000000,0x00000000a684b978,0x00000000aa100000)
 Metaspace       used 81582K, capacity 87710K, committed 87936K, reserved 1126400K
  class space    used 10380K, capacity 11858K, committed 11904K, reserved 1048576K
Event: 5964.246 GC heap after
Heap after GC invocations=45 (full 3):
 PSYoungGen      total 132608K, used 9072K [0x00000000e0000000, 0x00000000ea180000, 0x0000000100000000)
  eden space 107008K, 0% used [0x00000000e0000000,0x00000000e0000000,0x00000000e6880000)
  from space 25600K, 35% used [0x00000000e8880000,0x00000000e915c030,0x00000000ea180000)
  to   space 29184K, 0% used [0x00000000e6880000,0x00000000e6880000,0x00000000e8500000)
 ParOldGen       total 164864K, used 106838K [0x00000000a0000000, 0x00000000aa100000, 0x00000000e0000000)
  object space 164864K, 64% used [0x00000000a0000000,0x00000000a6855978,0x00000000aa100000)
 Metaspace       used 81582K, capacity 87710K, committed 87936K, reserved 1126400K
  class space    used 10380K, capacity 11858K, committed 11904K, reserved 1048576K
}
Event: 6013.574 GC heap before
{Heap before GC invocations=46 (full 3):
 PSYoungGen      total 132608K, used 116080K [0x00000000e0000000, 0x00000000ea180000, 0x0000000100000000)
  eden space 107008K, 100% used [0x00000000e0000000,0x00000000e6880000,0x00000000e6880000)
  from space 25600K, 35% used [0x00000000e8880000,0x00000000e915c030,0x00000000ea180000)
  to   space 29184K, 0% used [0x00000000e6880000,0x00000000e6880000,0x00000000e8500000)
 ParOldGen       total 164864K, used 106838K [0x00000000a0000000, 0x00000000aa100000, 0x00000000e0000000)
  object space 164864K, 64% used [0x00000000a0000000,0x00000000a6855978,0x00000000aa100000)
 Metaspace       used 81689K, capacity 87918K, committed 87936K, reserved 1126400K
  class space    used 10394K, capacity 11902K, committed 11904K, reserved 1048576K
Event: 6013.582 GC heap after
Heap after GC invocations=46 (full 3):
 PSYoungGen      total 110592K, used 5808K [0x00000000e0000000, 0x00000000e9f00000, 0x0000000100000000)
  eden space 104448K, 0% used [0x00000000e0000000,0x00000000e0000000,0x00000000e6600000)
  from space 6144K, 94% used [0x00000000e6880000,0x00000000e6e2c168,0x00000000e6e80000)
  to   space 29184K, 0% used [0x00000000e8280000,0x00000000e8280000,0x00000000e9f00000)
 ParOldGen       total 164864K, used 106862K [0x00000000a0000000, 0x00000000aa100000, 0x00000000e0000000)
  object space 164864K, 64% used [0x00000000a0000000,0x00000000a685b978,0x00000000aa100000)
 Metaspace       used 81689K, capacity 87918K, committed 87936K, reserved 1126400K
  class space    used 10394K, capacity 11902K, committed 11904K, reserved 1048576K
}

