# JRE version: OpenJDK Runtime Environment (8.0_152-b01) (build 1.8.0_152-release-915-b01)
# Java VM: OpenJDK 64-Bit Server VM (25.152-b01 mixed mode windows-amd64 compressed oops)
Heap:
 PSYoungGen      total 234496K, used 51982K [0x00000000e0000000, 0x00000000f2b80000, 0x0000000100000000)
  eden space 207360K, 17% used [0x00000000e0000000,0x00000000e232a438,0x00000000eca80000)
  from space 27136K, 58% used [0x00000000f1100000,0x00000000f2099768,0x00000000f2b80000)
  to   space 49664K, 0% used [0x00000000eca80000,0x00000000eca80000,0x00000000efb00000)
 ParOldGen       total 163840K, used 88939K [0x00000000a0000000, 0x00000000aa000000, 0x00000000e0000000)
  object space 163840K, 54% used [0x00000000a0000000,0x00000000a56daef8,0x00000000aa000000)
 Metaspace       used 86510K, capacity 92624K, committed 92800K, reserved 1130496K
  class space    used 10916K, capacity 12356K, committed 12416K, reserved 1048576K
GC Heap History (10 events):
Event: 2895.435 GC heap before
{Heap before GC invocations=35 (full 3):
 PSYoungGen      total 231424K, used 205528K [0x00000000e0000000, 0x00000000f2f00000, 0x0000000100000000)
  eden space 173568K, 99% used [0x00000000e0000000,0x00000000ea8ed0b0,0x00000000ea980000)
  from space 57856K, 56% used [0x00000000ea980000,0x00000000ec949310,0x00000000ee200000)
  to   space 56320K, 0% used [0x00000000ef800000,0x00000000ef800000,0x00000000f2f00000)
 ParOldGen       total 163840K, used 75575K [0x00000000a0000000, 0x00000000aa000000, 0x00000000e0000000)
  object space 163840K, 46% used [0x00000000a0000000,0x00000000a49cdea0,0x00000000aa000000)
 Metaspace       used 85394K, capacity 91002K, committed 91264K, reserved 1128448K
  class space    used 10834K, capacity 12115K, committed 12160K, reserved 1048576K
Event: 2895.467 GC heap after
Heap after GC invocations=35 (full 3):
 PSYoungGen      total 248832K, used 34533K [0x00000000e0000000, 0x00000000f2b80000, 0x0000000100000000)
  eden space 196096K, 0% used [0x00000000e0000000,0x00000000e0000000,0x00000000ebf80000)
  from space 52736K, 65% used [0x00000000ef800000,0x00000000f19b96e0,0x00000000f2b80000)
  to   space 55296K, 0% used [0x00000000ebf80000,0x00000000ebf80000,0x00000000ef580000)
 ParOldGen       total 163840K, used 77344K [0x00000000a0000000, 0x00000000aa000000, 0x00000000e0000000)
  object space 163840K, 47% used [0x00000000a0000000,0x00000000a4b88048,0x00000000aa000000)
 Metaspace       used 85394K, capacity 91002K, committed 91264K, reserved 1128448K
  class space    used 10834K, capacity 12115K, committed 12160K, reserved 1048576K
}
Event: 3148.403 GC heap before
{Heap before GC invocations=36 (full 3):
 PSYoungGen      total 248832K, used 230629K [0x00000000e0000000, 0x00000000f2b80000, 0x0000000100000000)
  eden space 196096K, 100% used [0x00000000e0000000,0x00000000ebf80000,0x00000000ebf80000)
  from space 52736K, 65% used [0x00000000ef800000,0x00000000f19b96e0,0x00000000f2b80000)
  to   space 55296K, 0% used [0x00000000ebf80000,0x00000000ebf80000,0x00000000ef580000)
 ParOldGen       total 163840K, used 77344K [0x00000000a0000000, 0x00000000aa000000, 0x00000000e0000000)
  object space 163840K, 47% used [0x00000000a0000000,0x00000000a4b88048,0x00000000aa000000)
 Metaspace       used 85516K, capacity 91266K, committed 91520K, reserved 1128448K
  class space    used 10846K, capacity 12157K, committed 12160K, reserved 1048576K
Event: 3148.445 GC heap after
Heap after GC invocations=36 (full 3):
 PSYoungGen      total 251392K, used 26148K [0x00000000e0000000, 0x00000000f3a00000, 0x0000000100000000)
  eden space 196096K, 0% used [0x00000000e0000000,0x00000000e0000000,0x00000000ebf80000)
  from space 55296K, 47% used [0x00000000ebf80000,0x00000000ed909260,0x00000000ef580000)
  to   space 53760K, 0% used [0x00000000f0580000,0x00000000f0580000,0x00000000f3a00000)
 ParOldGen       total 163840K, used 79469K [0x00000000a0000000, 0x00000000aa000000, 0x00000000e0000000)
  object space 163840K, 48% used [0x00000000a0000000,0x00000000a4d9b7a0,0x00000000aa000000)
 Metaspace       used 85516K, capacity 91266K, committed 91520K, reserved 1128448K
  class space    used 10846K, capacity 12157K, committed 12160K, reserved 1048576K
}
Event: 3151.413 GC heap before
{Heap before GC invocations=37 (full 3):
 PSYoungGen      total 251392K, used 222244K [0x00000000e0000000, 0x00000000f3a00000, 0x0000000100000000)
  eden space 196096K, 100% used [0x00000000e0000000,0x00000000ebf80000,0x00000000ebf80000)
  from space 55296K, 47% used [0x00000000ebf80000,0x00000000ed909260,0x00000000ef580000)
  to   space 53760K, 0% used [0x00000000f0580000,0x00000000f0580000,0x00000000f3a00000)
 ParOldGen       total 163840K, used 79469K [0x00000000a0000000, 0x00000000aa000000, 0x00000000e0000000)
  object space 163840K, 48% used [0x00000000a0000000,0x00000000a4d9b7a0,0x00000000aa000000)
 Metaspace       used 85832K, capacity 91572K, committed 91904K, reserved 1128448K
  class space    used 10856K, capacity 12191K, committed 12288K, reserved 1048576K
Event: 3151.459 GC heap after
Heap after GC invocations=37 (full 3):
 PSYoungGen      total 262656K, used 28224K [0x00000000e0000000, 0x00000000f3500000, 0x0000000100000000)
  eden space 214016K, 0% used [0x00000000e0000000,0x00000000e0000000,0x00000000ed100000)
  from space 48640K, 58% used [0x00000000f0580000,0x00000000f2110088,0x00000000f3500000)
  to   space 51200K, 0% used [0x00000000ed100000,0x00000000ed100000,0x00000000f0300000)
 ParOldGen       total 163840K, used 79743K [0x00000000a0000000, 0x00000000aa000000, 0x00000000e0000000)
  object space 163840K, 48% used [0x00000000a0000000,0x00000000a4ddfed8,0x00000000aa000000)
 Metaspace       used 85832K, capacity 91572K, committed 91904K, reserved 1128448K
  class space    used 10856K, capacity 12191K, committed 12288K, reserved 1048576K
}
Event: 5817.065 GC heap before
{Heap before GC invocations=38 (full 3):
 PSYoungGen      total 262656K, used 242240K [0x00000000e0000000, 0x00000000f3500000, 0x0000000100000000)
  eden space 214016K, 100% used [0x00000000e0000000,0x00000000ed100000,0x00000000ed100000)
  from space 48640K, 58% used [0x00000000f0580000,0x00000000f2110088,0x00000000f3500000)
  to   space 51200K, 0% used [0x00000000ed100000,0x00000000ed100000,0x00000000f0300000)
 ParOldGen       total 163840K, used 79743K [0x00000000a0000000, 0x00000000aa000000, 0x00000000e0000000)
  object space 163840K, 48% used [0x00000000a0000000,0x00000000a4ddfed8,0x00000000aa000000)
 Metaspace       used 86127K, capacity 92116K, committed 92160K, reserved 1128448K
  class space    used 10888K, capacity 12269K, committed 12288K, reserved 1048576K
Event: 5817.157 GC heap after
Heap after GC invocations=38 (full 3):
 PSYoungGen      total 265216K, used 28267K [0x00000000e0000000, 0x00000000f4100000, 0x0000000100000000)
  eden space 214016K, 0% used [0x00000000e0000000,0x00000000e0000000,0x00000000ed100000)
  from space 51200K, 55% used [0x00000000ed100000,0x00000000eec9af40,0x00000000f0300000)
  to   space 49152K, 0% used [0x00000000f1100000,0x00000000f1100000,0x00000000f4100000)
 ParOldGen       total 163840K, used 80211K [0x00000000a0000000, 0x00000000aa000000, 0x00000000e0000000)
  object space 163840K, 48% used [0x00000000a0000000,0x00000000a4e54c48,0x00000000aa000000)
 Metaspace       used 86127K, capacity 92116K, committed 92160K, reserved 1128448K
  class space    used 10888K, capacity 12269K, committed 12288K, reserved 1048576K
}
Event: 5878.057 GC heap before
{Heap before GC invocations=39 (full 3):
 PSYoungGen      total 265216K, used 242283K [0x00000000e0000000, 0x00000000f4100000, 0x0000000100000000)
  eden space 214016K, 100% used [0x00000000e0000000,0x00000000ed100000,0x00000000ed100000)
  from space 51200K, 55% used [0x00000000ed100000,0x00000000eec9af40,0x00000000f0300000)
  to   space 49152K, 0% used [0x00000000f1100000,0x00000000f1100000,0x00000000f4100000)
 ParOldGen       total 163840K, used 80211K [0x00000000a0000000, 0x00000000aa000000, 0x00000000e0000000)
  object space 163840K, 48% used [0x00000000a0000000,0x00000000a4e54c48,0x00000000aa000000)
 Metaspace       used 86472K, capacity 92560K, committed 92800K, reserved 1130496K
  class space    used 10916K, capacity 12356K, committed 12416K, reserved 1048576K
Event: 5878.093 GC heap after
Heap after GC invocations=39 (full 3):
 PSYoungGen      total 234496K, used 15973K [0x00000000e0000000, 0x00000000f2b80000, 0x0000000100000000)
  eden space 207360K, 0% used [0x00000000e0000000,0x00000000e0000000,0x00000000eca80000)
  from space 27136K, 58% used [0x00000000f1100000,0x00000000f2099768,0x00000000f2b80000)
  to   space 49664K, 0% used [0x00000000eca80000,0x00000000eca80000,0x00000000efb00000)
 ParOldGen       total 163840K, used 88939K [0x00000000a0000000, 0x00000000aa000000, 0x00000000e0000000)
  object space 163840K, 54% used [0x00000000a0000000,0x00000000a56daef8,0x00000000aa000000)
 Metaspace       used 86472K, capacity 92560K, committed 92800K, reserved 1130496K
  class space    used 10916K, capacity 12356K, committed 12416K, reserved 1048576K
}

