# JRE version: OpenJDK Runtime Environment (8.0_152-b01) (build 1.8.0_152-release-915-b01)
# Java VM: OpenJDK 64-Bit Server VM (25.152-b01 mixed mode windows-amd64 compressed oops)
Heap:
 PSYoungGen      total 440320K, used 400493K [0x00000000e0000000, 0x00000000ff780000, 0x0000000100000000)
  eden space 361984K, 100% used [0x00000000e0000000,0x00000000f6180000,0x00000000f6180000)
  from space 78336K, 49% used [0x00000000fab00000,0x00000000fd09b498,0x00000000ff780000)
  to   space 75264K, 24% used [0x00000000f6180000,0x00000000f7392c60,0x00000000fab00000)
 ParOldGen       total 136704K, used 94196K [0x00000000a0000000, 0x00000000a8580000, 0x00000000e0000000)
  object space 136704K, 68% used [0x00000000a0000000,0x00000000a5bff360,0x00000000a8580000)
 Metaspace       used 84999K, capacity 89780K, committed 89944K, reserved 1128448K
  class space    used 10600K, capacity 11818K, committed 11904K, reserved 1048576K
GC Heap History (10 events):
Event: 1765.604 GC heap before
{Heap before GC invocations=23 (full 3):
 PSYoungGen      total 304128K, used 304088K [0x00000000e0000000, 0x00000000f7580000, 0x0000000100000000)
  eden space 261632K, 100% used [0x00000000e0000000,0x00000000eff80000,0x00000000eff80000)
  from space 42496K, 99% used [0x00000000f0900000,0x00000000f3276040,0x00000000f3280000)
  to   space 60416K, 0% used [0x00000000f3a80000,0x00000000f3a80000,0x00000000f7580000)
 ParOldGen       total 136704K, used 67535K [0x00000000a0000000, 0x00000000a8580000, 0x00000000e0000000)
  object space 136704K, 49% used [0x00000000a0000000,0x00000000a41f3c48,0x00000000a8580000)
 Metaspace       used 84577K, capacity 89388K, committed 89688K, reserved 1126400K
  class space    used 10598K, capacity 11818K, committed 11904K, reserved 1048576K
Event: 1765.727 GC heap after
Heap after GC invocations=23 (full 3):
 PSYoungGen      total 312832K, used 54004K [0x00000000e0000000, 0x00000000f7980000, 0x0000000100000000)
  eden space 252416K, 0% used [0x00000000e0000000,0x00000000e0000000,0x00000000ef680000)
  from space 60416K, 89% used [0x00000000f3a80000,0x00000000f6f3d368,0x00000000f7580000)
  to   space 67072K, 0% used [0x00000000ef680000,0x00000000ef680000,0x00000000f3800000)
 ParOldGen       total 136704K, used 67551K [0x00000000a0000000, 0x00000000a8580000, 0x00000000e0000000)
  object space 136704K, 49% used [0x00000000a0000000,0x00000000a41f7c48,0x00000000a8580000)
 Metaspace       used 84577K, capacity 89388K, committed 89688K, reserved 1126400K
  class space    used 10598K, capacity 11818K, committed 11904K, reserved 1048576K
}
Event: 1767.810 GC heap before
{Heap before GC invocations=24 (full 3):
 PSYoungGen      total 312832K, used 306420K [0x00000000e0000000, 0x00000000f7980000, 0x0000000100000000)
  eden space 252416K, 100% used [0x00000000e0000000,0x00000000ef680000,0x00000000ef680000)
  from space 60416K, 89% used [0x00000000f3a80000,0x00000000f6f3d368,0x00000000f7580000)
  to   space 67072K, 0% used [0x00000000ef680000,0x00000000ef680000,0x00000000f3800000)
 ParOldGen       total 136704K, used 67551K [0x00000000a0000000, 0x00000000a8580000, 0x00000000e0000000)
  object space 136704K, 49% used [0x00000000a0000000,0x00000000a41f7c48,0x00000000a8580000)
 Metaspace       used 84902K, capacity 89716K, committed 89944K, reserved 1128448K
  class space    used 10599K, capacity 11818K, committed 11904K, reserved 1048576K
Event: 1767.899 GC heap after
Heap after GC invocations=24 (full 3):
 PSYoungGen      total 319488K, used 53739K [0x00000000e0000000, 0x00000000fae80000, 0x0000000100000000)
  eden space 252416K, 0% used [0x00000000e0000000,0x00000000e0000000,0x00000000ef680000)
  from space 67072K, 80% used [0x00000000ef680000,0x00000000f2afac48,0x00000000f3800000)
  to   space 72704K, 0% used [0x00000000f6780000,0x00000000f6780000,0x00000000fae80000)
 ParOldGen       total 136704K, used 67559K [0x00000000a0000000, 0x00000000a8580000, 0x00000000e0000000)
  object space 136704K, 49% used [0x00000000a0000000,0x00000000a41f9c48,0x00000000a8580000)
 Metaspace       used 84902K, capacity 89716K, committed 89944K, reserved 1128448K
  class space    used 10599K, capacity 11818K, committed 11904K, reserved 1048576K
}
Event: 1769.621 GC heap before
{Heap before GC invocations=25 (full 3):
 PSYoungGen      total 319488K, used 306155K [0x00000000e0000000, 0x00000000fae80000, 0x0000000100000000)
  eden space 252416K, 100% used [0x00000000e0000000,0x00000000ef680000,0x00000000ef680000)
  from space 67072K, 80% used [0x00000000ef680000,0x00000000f2afac48,0x00000000f3800000)
  to   space 72704K, 0% used [0x00000000f6780000,0x00000000f6780000,0x00000000fae80000)
 ParOldGen       total 136704K, used 67559K [0x00000000a0000000, 0x00000000a8580000, 0x00000000e0000000)
  object space 136704K, 49% used [0x00000000a0000000,0x00000000a41f9c48,0x00000000a8580000)
 Metaspace       used 84941K, capacity 89716K, committed 89944K, reserved 1128448K
  class space    used 10599K, capacity 11818K, committed 11904K, reserved 1048576K
Event: 1769.716 GC heap after
Heap after GC invocations=25 (full 3):
 PSYoungGen      total 363520K, used 55299K [0x00000000e0000000, 0x00000000fc280000, 0x0000000100000000)
  eden space 290816K, 0% used [0x00000000e0000000,0x00000000e0000000,0x00000000f1c00000)
  from space 72704K, 76% used [0x00000000f6780000,0x00000000f9d80f88,0x00000000fae80000)
  to   space 77312K, 0% used [0x00000000f1c00000,0x00000000f1c00000,0x00000000f6780000)
 ParOldGen       total 136704K, used 67567K [0x00000000a0000000, 0x00000000a8580000, 0x00000000e0000000)
  object space 136704K, 49% used [0x00000000a0000000,0x00000000a41fbc48,0x00000000a8580000)
 Metaspace       used 84941K, capacity 89716K, committed 89944K, reserved 1128448K
  class space    used 10599K, capacity 11818K, committed 11904K, reserved 1048576K
}
Event: 1771.347 GC heap before
{Heap before GC invocations=26 (full 3):
 PSYoungGen      total 363520K, used 346115K [0x00000000e0000000, 0x00000000fc280000, 0x0000000100000000)
  eden space 290816K, 100% used [0x00000000e0000000,0x00000000f1c00000,0x00000000f1c00000)
  from space 72704K, 76% used [0x00000000f6780000,0x00000000f9d80f88,0x00000000fae80000)
  to   space 77312K, 0% used [0x00000000f1c00000,0x00000000f1c00000,0x00000000f6780000)
 ParOldGen       total 136704K, used 67567K [0x00000000a0000000, 0x00000000a8580000, 0x00000000e0000000)
  object space 136704K, 49% used [0x00000000a0000000,0x00000000a41fbc48,0x00000000a8580000)
 Metaspace       used 84964K, capacity 89780K, committed 89944K, reserved 1128448K
  class space    used 10599K, capacity 11818K, committed 11904K, reserved 1048576K
Event: 1771.425 GC heap after
Heap after GC invocations=26 (full 3):
 PSYoungGen      total 368128K, used 48473K [0x00000000e0000000, 0x00000000ff780000, 0x0000000100000000)
  eden space 290816K, 0% used [0x00000000e0000000,0x00000000e0000000,0x00000000f1c00000)
  from space 77312K, 62% used [0x00000000f1c00000,0x00000000f4b565e0,0x00000000f6780000)
  to   space 78336K, 0% used [0x00000000fab00000,0x00000000fab00000,0x00000000ff780000)
 ParOldGen       total 136704K, used 80736K [0x00000000a0000000, 0x00000000a8580000, 0x00000000e0000000)
  object space 136704K, 59% used [0x00000000a0000000,0x00000000a4ed8168,0x00000000a8580000)
 Metaspace       used 84964K, capacity 89780K, committed 89944K, reserved 1128448K
  class space    used 10599K, capacity 11818K, committed 11904K, reserved 1048576K
}
Event: 1772.971 GC heap before
{Heap before GC invocations=27 (full 3):
 PSYoungGen      total 368128K, used 339289K [0x00000000e0000000, 0x00000000ff780000, 0x0000000100000000)
  eden space 290816K, 100% used [0x00000000e0000000,0x00000000f1c00000,0x00000000f1c00000)
  from space 77312K, 62% used [0x00000000f1c00000,0x00000000f4b565e0,0x00000000f6780000)
  to   space 78336K, 0% used [0x00000000fab00000,0x00000000fab00000,0x00000000ff780000)
 ParOldGen       total 136704K, used 80736K [0x00000000a0000000, 0x00000000a8580000, 0x00000000e0000000)
  object space 136704K, 59% used [0x00000000a0000000,0x00000000a4ed8168,0x00000000a8580000)
 Metaspace       used 84982K, capacity 89780K, committed 89944K, reserved 1128448K
  class space    used 10600K, capacity 11818K, committed 11904K, reserved 1048576K
Event: 1773.069 GC heap after
Heap after GC invocations=27 (full 3):
 PSYoungGen      total 440320K, used 38509K [0x00000000e0000000, 0x00000000ff780000, 0x0000000100000000)
  eden space 361984K, 0% used [0x00000000e0000000,0x00000000e0000000,0x00000000f6180000)
  from space 78336K, 49% used [0x00000000fab00000,0x00000000fd09b498,0x00000000ff780000)
  to   space 75264K, 0% used [0x00000000f6180000,0x00000000f6180000,0x00000000fab00000)
 ParOldGen       total 136704K, used 89980K [0x00000000a0000000, 0x00000000a8580000, 0x00000000e0000000)
  object space 136704K, 65% used [0x00000000a0000000,0x00000000a57df388,0x00000000a8580000)
 Metaspace       used 84982K, capacity 89780K, committed 89944K, reserved 1128448K
  class space    used 10600K, capacity 11818K, committed 11904K, reserved 1048576K
}

