# JRE version: OpenJDK Runtime Environment (8.0_152-b01) (build 1.8.0_152-release-915-b01)
# Java VM: OpenJDK 64-Bit Server VM (25.152-b01 mixed mode windows-amd64 compressed oops)
Heap:
 PSYoungGen      total 272384K, used 272360K [0x00000000eab00000, 0x00000000fdf80000, 0x0000000100000000)
  eden space 244736K, 100% used [0x00000000eab00000,0x00000000f9a00000,0x00000000f9a00000)
  from space 27648K, 99% used [0x00000000fb680000,0x00000000fd17a2c0,0x00000000fd180000)
  to   space 29184K, 69% used [0x00000000f9a00000,0x00000000fadec0a8,0x00000000fb680000)
 ParOldGen       total 176128K, used 66528K [0x00000000c0000000, 0x00000000cac00000, 0x00000000eab00000)
  object space 176128K, 37% used [0x00000000c0000000,0x00000000c40fa0b8,0x00000000cac00000)
 Metaspace       used 69175K, capacity 72882K, committed 73216K, reserved 1112064K
  class space    used 8994K, capacity 9887K, committed 9984K, reserved 1048576K
GC Heap History (10 events):
Event: 33.858 GC heap after
Heap after GC invocations=19 (full 3):
 PSYoungGen      total 272384K, used 22236K [0x00000000eab00000, 0x00000000fdf80000, 0x0000000100000000)
  eden space 244736K, 0% used [0x00000000eab00000,0x00000000eab00000,0x00000000f9a00000)
  from space 27648K, 80% used [0x00000000fb680000,0x00000000fcc372d0,0x00000000fd180000)
  to   space 29184K, 0% used [0x00000000f9a00000,0x00000000f9a00000,0x00000000fb680000)
 ParOldGen       total 176128K, used 51035K [0x00000000c0000000, 0x00000000cac00000, 0x00000000eab00000)
  object space 176128K, 28% used [0x00000000c0000000,0x00000000c31d6fe8,0x00000000cac00000)
 Metaspace       used 69079K, capacity 72754K, committed 72960K, reserved 1112064K
  class space    used 8993K, capacity 9887K, committed 9984K, reserved 1048576K
}
Event: 35.160 GC heap before
{Heap before GC invocations=20 (full 3):
 PSYoungGen      total 272384K, used 266972K [0x00000000eab00000, 0x00000000fdf80000, 0x0000000100000000)
  eden space 244736K, 100% used [0x00000000eab00000,0x00000000f9a00000,0x00000000f9a00000)
  from space 27648K, 80% used [0x00000000fb680000,0x00000000fcc372d0,0x00000000fd180000)
  to   space 29184K, 0% used [0x00000000f9a00000,0x00000000f9a00000,0x00000000fb680000)
 ParOldGen       total 176128K, used 51035K [0x00000000c0000000, 0x00000000cac00000, 0x00000000eab00000)
  object space 176128K, 28% used [0x00000000c0000000,0x00000000c31d6fe8,0x00000000cac00000)
 Metaspace       used 69109K, capacity 72818K, committed 72960K, reserved 1112064K
  class space    used 8993K, capacity 9887K, committed 9984K, reserved 1048576K
Event: 35.216 GC heap after
Heap after GC invocations=20 (full 3):
 PSYoungGen      total 273920K, used 27264K [0x00000000eab00000, 0x00000000fdf80000, 0x0000000100000000)
  eden space 244736K, 0% used [0x00000000eab00000,0x00000000eab00000,0x00000000f9a00000)
  from space 29184K, 93% used [0x00000000f9a00000,0x00000000fb4a02c0,0x00000000fb680000)
  to   space 27648K, 0% used [0x00000000fb680000,0x00000000fb680000,0x00000000fd180000)
 ParOldGen       total 176128K, used 51043K [0x00000000c0000000, 0x00000000cac00000, 0x00000000eab00000)
  object space 176128K, 28% used [0x00000000c0000000,0x00000000c31d8fe8,0x00000000cac00000)
 Metaspace       used 69109K, capacity 72818K, committed 72960K, reserved 1112064K
  class space    used 8993K, capacity 9887K, committed 9984K, reserved 1048576K
}
Event: 36.173 GC heap before
{Heap before GC invocations=21 (full 3):
 PSYoungGen      total 273920K, used 272000K [0x00000000eab00000, 0x00000000fdf80000, 0x0000000100000000)
  eden space 244736K, 100% used [0x00000000eab00000,0x00000000f9a00000,0x00000000f9a00000)
  from space 29184K, 93% used [0x00000000f9a00000,0x00000000fb4a02c0,0x00000000fb680000)
  to   space 27648K, 0% used [0x00000000fb680000,0x00000000fb680000,0x00000000fd180000)
 ParOldGen       total 176128K, used 51043K [0x00000000c0000000, 0x00000000cac00000, 0x00000000eab00000)
  object space 176128K, 28% used [0x00000000c0000000,0x00000000c31d8fe8,0x00000000cac00000)
 Metaspace       used 69138K, capacity 72818K, committed 72960K, reserved 1112064K
  class space    used 8994K, capacity 9887K, committed 9984K, reserved 1048576K
Event: 36.218 GC heap after
Heap after GC invocations=21 (full 3):
 PSYoungGen      total 272384K, used 27640K [0x00000000eab00000, 0x00000000fdf80000, 0x0000000100000000)
  eden space 244736K, 0% used [0x00000000eab00000,0x00000000eab00000,0x00000000f9a00000)
  from space 27648K, 99% used [0x00000000fb680000,0x00000000fd17e2d0,0x00000000fd180000)
  to   space 29184K, 0% used [0x00000000f9a00000,0x00000000f9a00000,0x00000000fb680000)
 ParOldGen       total 176128K, used 54011K [0x00000000c0000000, 0x00000000cac00000, 0x00000000eab00000)
  object space 176128K, 30% used [0x00000000c0000000,0x00000000c34befe8,0x00000000cac00000)
 Metaspace       used 69138K, capacity 72818K, committed 72960K, reserved 1112064K
  class space    used 8994K, capacity 9887K, committed 9984K, reserved 1048576K
}
Event: 37.127 GC heap before
{Heap before GC invocations=22 (full 3):
 PSYoungGen      total 272384K, used 272376K [0x00000000eab00000, 0x00000000fdf80000, 0x0000000100000000)
  eden space 244736K, 100% used [0x00000000eab00000,0x00000000f9a00000,0x00000000f9a00000)
  from space 27648K, 99% used [0x00000000fb680000,0x00000000fd17e2d0,0x00000000fd180000)
  to   space 29184K, 0% used [0x00000000f9a00000,0x00000000f9a00000,0x00000000fb680000)
 ParOldGen       total 176128K, used 54011K [0x00000000c0000000, 0x00000000cac00000, 0x00000000eab00000)
  object space 176128K, 30% used [0x00000000c0000000,0x00000000c34befe8,0x00000000cac00000)
 Metaspace       used 69149K, capacity 72818K, committed 72960K, reserved 1112064K
  class space    used 8994K, capacity 9887K, committed 9984K, reserved 1048576K
Event: 37.181 GC heap after
Heap after GC invocations=22 (full 3):
 PSYoungGen      total 273920K, used 28936K [0x00000000eab00000, 0x00000000fdf80000, 0x0000000100000000)
  eden space 244736K, 0% used [0x00000000eab00000,0x00000000eab00000,0x00000000f9a00000)
  from space 29184K, 99% used [0x00000000f9a00000,0x00000000fb642280,0x00000000fb680000)
  to   space 27648K, 0% used [0x00000000fb680000,0x00000000fb680000,0x00000000fd180000)
 ParOldGen       total 176128K, used 54019K [0x00000000c0000000, 0x00000000cac00000, 0x00000000eab00000)
  object space 176128K, 30% used [0x00000000c0000000,0x00000000c34c0fe8,0x00000000cac00000)
 Metaspace       used 69149K, capacity 72818K, committed 72960K, reserved 1112064K
  class space    used 8994K, capacity 9887K, committed 9984K, reserved 1048576K
}
Event: 37.881 GC heap before
{Heap before GC invocations=23 (full 3):
 PSYoungGen      total 273920K, used 273672K [0x00000000eab00000, 0x00000000fdf80000, 0x0000000100000000)
  eden space 244736K, 100% used [0x00000000eab00000,0x00000000f9a00000,0x00000000f9a00000)
  from space 29184K, 99% used [0x00000000f9a00000,0x00000000fb642280,0x00000000fb680000)
  to   space 27648K, 0% used [0x00000000fb680000,0x00000000fb680000,0x00000000fd180000)
 ParOldGen       total 176128K, used 54019K [0x00000000c0000000, 0x00000000cac00000, 0x00000000eab00000)
  object space 176128K, 30% used [0x00000000c0000000,0x00000000c34c0fe8,0x00000000cac00000)
 Metaspace       used 69154K, capacity 72818K, committed 72960K, reserved 1112064K
  class space    used 8994K, capacity 9887K, committed 9984K, reserved 1048576K
Event: 37.934 GC heap after
Heap after GC invocations=23 (full 3):
 PSYoungGen      total 272384K, used 27624K [0x00000000eab00000, 0x00000000fdf80000, 0x0000000100000000)
  eden space 244736K, 0% used [0x00000000eab00000,0x00000000eab00000,0x00000000f9a00000)
  from space 27648K, 99% used [0x00000000fb680000,0x00000000fd17a2c0,0x00000000fd180000)
  to   space 29184K, 0% used [0x00000000f9a00000,0x00000000f9a00000,0x00000000fb680000)
 ParOldGen       total 176128K, used 63551K [0x00000000c0000000, 0x00000000cac00000, 0x00000000eab00000)
  object space 176128K, 36% used [0x00000000c0000000,0x00000000c3e0fec0,0x00000000cac00000)
 Metaspace       used 69154K, capacity 72818K, committed 72960K, reserved 1112064K
  class space    used 8994K, capacity 9887K, committed 9984K, reserved 1048576K
}
Event: 38.873 GC heap before
{Heap before GC invocations=24 (full 3):
 PSYoungGen      total 272384K, used 272360K [0x00000000eab00000, 0x00000000fdf80000, 0x0000000100000000)
  eden space 244736K, 100% used [0x00000000eab00000,0x00000000f9a00000,0x00000000f9a00000)
  from space 27648K, 99% used [0x00000000fb680000,0x00000000fd17a2c0,0x00000000fd180000)
  to   space 29184K, 0% used [0x00000000f9a00000,0x00000000f9a00000,0x00000000fb680000)
 ParOldGen       total 176128K, used 63551K [0x00000000c0000000, 0x00000000cac00000, 0x00000000eab00000)
  object space 176128K, 36% used [0x00000000c0000000,0x00000000c3e0fec0,0x00000000cac00000)
 Metaspace       used 69175K, capacity 72882K, committed 73216K, reserved 1112064K
  class space    used 8994K, capacity 9887K, committed 9984K, reserved 1048576K

