# JRE version: OpenJDK Runtime Environment (8.0_152-b01) (build 1.8.0_152-release-915-b01)
# Java VM: OpenJDK 64-Bit Server VM (25.152-b01 mixed mode windows-amd64 compressed oops)
Heap:
 PSYoungGen      total 402944K, used 216133K [0x00000000e0000000, 0x00000000feb80000, 0x0000000100000000)
  eden space 333824K, 56% used [0x00000000e0000000,0x00000000eb861610,0x00000000f4600000)
  from space 69120K, 39% used [0x00000000f4600000,0x00000000f60b0028,0x00000000f8980000)
  to   space 66560K, 0% used [0x00000000faa80000,0x00000000faa80000,0x00000000feb80000)
 ParOldGen       total 175104K, used 107860K [0x00000000a0000000, 0x00000000aab00000, 0x00000000e0000000)
  object space 175104K, 61% used [0x00000000a0000000,0x00000000a69553f8,0x00000000aab00000)
 Metaspace       used 83086K, capacity 89092K, committed 89344K, reserved 1126400K
  class space    used 10502K, capacity 11917K, committed 12032K, reserved 1048576K
GC Heap History (10 events):
Event: 1126.757 GC heap before
{Heap before GC invocations=30 (full 3):
 PSYoungGen      total 332800K, used 286816K [0x00000000e0000000, 0x00000000f9980000, 0x0000000100000000)
  eden space 260608K, 100% used [0x00000000e0000000,0x00000000efe80000,0x00000000efe80000)
  from space 72192K, 36% used [0x00000000f5300000,0x00000000f6c98300,0x00000000f9980000)
  to   space 79360K, 0% used [0x00000000efe80000,0x00000000efe80000,0x00000000f4c00000)
 ParOldGen       total 175104K, used 104507K [0x00000000a0000000, 0x00000000aab00000, 0x00000000e0000000)
  object space 175104K, 59% used [0x00000000a0000000,0x00000000a660eca0,0x00000000aab00000)
 Metaspace       used 81398K, capacity 87046K, committed 87296K, reserved 1124352K
  class space    used 10362K, capacity 11655K, committed 11776K, reserved 1048576K
Event: 1126.777 GC heap after
Heap after GC invocations=30 (full 3):
 PSYoungGen      total 339968K, used 26769K [0x00000000e0000000, 0x00000000fb980000, 0x0000000100000000)
  eden space 260608K, 0% used [0x00000000e0000000,0x00000000e0000000,0x00000000efe80000)
  from space 79360K, 33% used [0x00000000efe80000,0x00000000f18a44a0,0x00000000f4c00000)
  to   space 76800K, 0% used [0x00000000f6e80000,0x00000000f6e80000,0x00000000fb980000)
 ParOldGen       total 175104K, used 106680K [0x00000000a0000000, 0x00000000aab00000, 0x00000000e0000000)
  object space 175104K, 60% used [0x00000000a0000000,0x00000000a682e1c0,0x00000000aab00000)
 Metaspace       used 81398K, capacity 87046K, committed 87296K, reserved 1124352K
  class space    used 10362K, capacity 11655K, committed 11776K, reserved 1048576K
}
Event: 1128.791 GC heap before
{Heap before GC invocations=31 (full 3):
 PSYoungGen      total 339968K, used 287377K [0x00000000e0000000, 0x00000000fb980000, 0x0000000100000000)
  eden space 260608K, 100% used [0x00000000e0000000,0x00000000efe80000,0x00000000efe80000)
  from space 79360K, 33% used [0x00000000efe80000,0x00000000f18a44a0,0x00000000f4c00000)
  to   space 76800K, 0% used [0x00000000f6e80000,0x00000000f6e80000,0x00000000fb980000)
 ParOldGen       total 175104K, used 106680K [0x00000000a0000000, 0x00000000aab00000, 0x00000000e0000000)
  object space 175104K, 60% used [0x00000000a0000000,0x00000000a682e1c0,0x00000000aab00000)
 Metaspace       used 81592K, capacity 87288K, committed 87552K, reserved 1124352K
  class space    used 10373K, capacity 11689K, committed 11776K, reserved 1048576K
Event: 1128.825 GC heap after
Heap after GC invocations=31 (full 3):
 PSYoungGen      total 365056K, used 36806K [0x00000000e0000000, 0x00000000fb100000, 0x0000000100000000)
  eden space 296960K, 0% used [0x00000000e0000000,0x00000000e0000000,0x00000000f2200000)
  from space 68096K, 54% used [0x00000000f6e80000,0x00000000f9271a88,0x00000000fb100000)
  to   space 73216K, 0% used [0x00000000f2200000,0x00000000f2200000,0x00000000f6980000)
 ParOldGen       total 175104K, used 107167K [0x00000000a0000000, 0x00000000aab00000, 0x00000000e0000000)
  object space 175104K, 61% used [0x00000000a0000000,0x00000000a68a7f58,0x00000000aab00000)
 Metaspace       used 81592K, capacity 87288K, committed 87552K, reserved 1124352K
  class space    used 10373K, capacity 11689K, committed 11776K, reserved 1048576K
}
Event: 1129.712 GC heap before
{Heap before GC invocations=32 (full 3):
 PSYoungGen      total 365056K, used 333766K [0x00000000e0000000, 0x00000000fb100000, 0x0000000100000000)
  eden space 296960K, 100% used [0x00000000e0000000,0x00000000f2200000,0x00000000f2200000)
  from space 68096K, 54% used [0x00000000f6e80000,0x00000000f9271a88,0x00000000fb100000)
  to   space 73216K, 0% used [0x00000000f2200000,0x00000000f2200000,0x00000000f6980000)
 ParOldGen       total 175104K, used 107167K [0x00000000a0000000, 0x00000000aab00000, 0x00000000e0000000)
  object space 175104K, 61% used [0x00000000a0000000,0x00000000a68a7f58,0x00000000aab00000)
 Metaspace       used 81608K, capacity 87288K, committed 87552K, reserved 1124352K
  class space    used 10373K, capacity 11689K, committed 11776K, reserved 1048576K
Event: 1129.738 GC heap after
Heap after GC invocations=32 (full 3):
 PSYoungGen      total 370176K, used 36899K [0x00000000e0000000, 0x00000000fd400000, 0x0000000100000000)
  eden space 296960K, 0% used [0x00000000e0000000,0x00000000e0000000,0x00000000f2200000)
  from space 73216K, 50% used [0x00000000f2200000,0x00000000f4608ea0,0x00000000f6980000)
  to   space 69632K, 0% used [0x00000000f9000000,0x00000000f9000000,0x00000000fd400000)
 ParOldGen       total 175104K, used 107175K [0x00000000a0000000, 0x00000000aab00000, 0x00000000e0000000)
  object space 175104K, 61% used [0x00000000a0000000,0x00000000a68a9f58,0x00000000aab00000)
 Metaspace       used 81608K, capacity 87288K, committed 87552K, reserved 1124352K
  class space    used 10373K, capacity 11689K, committed 11776K, reserved 1048576K
}
Event: 1367.432 GC heap before
{Heap before GC invocations=33 (full 3):
 PSYoungGen      total 370176K, used 333859K [0x00000000e0000000, 0x00000000fd400000, 0x0000000100000000)
  eden space 296960K, 100% used [0x00000000e0000000,0x00000000f2200000,0x00000000f2200000)
  from space 73216K, 50% used [0x00000000f2200000,0x00000000f4608ea0,0x00000000f6980000)
  to   space 69632K, 0% used [0x00000000f9000000,0x00000000f9000000,0x00000000fd400000)
 ParOldGen       total 175104K, used 107175K [0x00000000a0000000, 0x00000000aab00000, 0x00000000e0000000)
  object space 175104K, 61% used [0x00000000a0000000,0x00000000a68a9f58,0x00000000aab00000)
 Metaspace       used 81859K, capacity 87554K, committed 87808K, reserved 1126400K
  class space    used 10391K, capacity 11742K, committed 11776K, reserved 1048576K
Event: 1367.448 GC heap after
Heap after GC invocations=33 (full 3):
 PSYoungGen      total 396288K, used 20761K [0x00000000e0000000, 0x00000000fcd00000, 0x0000000100000000)
  eden space 333824K, 0% used [0x00000000e0000000,0x00000000e0000000,0x00000000f4600000)
  from space 62464K, 33% used [0x00000000f9000000,0x00000000fa446650,0x00000000fcd00000)
  to   space 69120K, 0% used [0x00000000f4600000,0x00000000f4600000,0x00000000f8980000)
 ParOldGen       total 175104K, used 107852K [0x00000000a0000000, 0x00000000aab00000, 0x00000000e0000000)
  object space 175104K, 61% used [0x00000000a0000000,0x00000000a69533f8,0x00000000aab00000)
 Metaspace       used 81859K, capacity 87554K, committed 87808K, reserved 1126400K
  class space    used 10391K, capacity 11742K, committed 11776K, reserved 1048576K
}
Event: 1372.044 GC heap before
{Heap before GC invocations=34 (full 3):
 PSYoungGen      total 396288K, used 354444K [0x00000000e0000000, 0x00000000fcd00000, 0x0000000100000000)
  eden space 333824K, 99% used [0x00000000e0000000,0x00000000f45dcc50,0x00000000f4600000)
  from space 62464K, 33% used [0x00000000f9000000,0x00000000fa446650,0x00000000fcd00000)
  to   space 69120K, 0% used [0x00000000f4600000,0x00000000f4600000,0x00000000f8980000)
 ParOldGen       total 175104K, used 107852K [0x00000000a0000000, 0x00000000aab00000, 0x00000000e0000000)
  object space 175104K, 61% used [0x00000000a0000000,0x00000000a69533f8,0x00000000aab00000)
 Metaspace       used 82178K, capacity 88028K, committed 88064K, reserved 1126400K
  class space    used 10404K, capacity 11767K, committed 11776K, reserved 1048576K
Event: 1372.063 GC heap after
Heap after GC invocations=34 (full 3):
 PSYoungGen      total 402944K, used 27328K [0x00000000e0000000, 0x00000000feb80000, 0x0000000100000000)
  eden space 333824K, 0% used [0x00000000e0000000,0x00000000e0000000,0x00000000f4600000)
  from space 69120K, 39% used [0x00000000f4600000,0x00000000f60b0028,0x00000000f8980000)
  to   space 66560K, 0% used [0x00000000faa80000,0x00000000faa80000,0x00000000feb80000)
 ParOldGen       total 175104K, used 107860K [0x00000000a0000000, 0x00000000aab00000, 0x00000000e0000000)
  object space 175104K, 61% used [0x00000000a0000000,0x00000000a69553f8,0x00000000aab00000)
 Metaspace       used 82178K, capacity 88028K, committed 88064K, reserved 1126400K
  class space    used 10404K, capacity 11767K, committed 11776K, reserved 1048576K
}

