# JRE version: OpenJDK Runtime Environment (8.0_152-b01) (build 1.8.0_152-release-915-b01)
# Java VM: OpenJDK 64-Bit Server VM (25.152-b01 mixed mode windows-amd64 compressed oops)
Heap:
 PSYoungGen      total 87040K, used 26949K [0x00000000e0000000, 0x00000000e7900000, 0x0000000100000000)
  eden space 75776K, 35% used [0x00000000e0000000,0x00000000e1a51468,0x00000000e4a00000)
  from space 11264K, 0% used [0x00000000e4a00000,0x00000000e4a00000,0x00000000e5500000)
  to   space 12288K, 0% used [0x00000000e6d00000,0x00000000e6d00000,0x00000000e7900000)
 ParOldGen       total 64000K, used 16446K [0x00000000a0000000, 0x00000000a3e80000, 0x00000000e0000000)
  object space 64000K, 25% used [0x00000000a0000000,0x00000000a100fa78,0x00000000a3e80000)
 Metaspace       used 38305K, capacity 39172K, committed 39424K, reserved 1083392K
  class space    used 5197K, capacity 5559K, committed 5632K, reserved 1048576K
GC Heap History (10 events):
Event: 11.731 GC heap before
{Heap before GC invocations=7 (full 1):
 PSYoungGen      total 38400K, used 36849K [0x00000000e0000000, 0x00000000e4680000, 0x0000000100000000)
  eden space 33280K, 100% used [0x00000000e0000000,0x00000000e2080000,0x00000000e2080000)
  from space 5120K, 69% used [0x00000000e2080000,0x00000000e23fc5a0,0x00000000e2580000)
  to   space 10752K, 0% used [0x00000000e3c00000,0x00000000e3c00000,0x00000000e4680000)
 ParOldGen       total 64000K, used 8883K [0x00000000a0000000, 0x00000000a3e80000, 0x00000000e0000000)
  object space 64000K, 13% used [0x00000000a0000000,0x00000000a08acf60,0x00000000a3e80000)
 Metaspace       used 26205K, capacity 26734K, committed 26880K, reserved 1073152K
  class space    used 3556K, capacity 3750K, committed 3840K, reserved 1048576K
Event: 11.739 GC heap after
Heap after GC invocations=7 (full 1):
 PSYoungGen      total 59392K, used 5222K [0x00000000e0000000, 0x00000000e4500000, 0x0000000100000000)
  eden space 50176K, 0% used [0x00000000e0000000,0x00000000e0000000,0x00000000e3100000)
  from space 9216K, 56% used [0x00000000e3c00000,0x00000000e4119970,0x00000000e4500000)
  to   space 10240K, 0% used [0x00000000e3100000,0x00000000e3100000,0x00000000e3b00000)
 ParOldGen       total 64000K, used 8891K [0x00000000a0000000, 0x00000000a3e80000, 0x00000000e0000000)
  object space 64000K, 13% used [0x00000000a0000000,0x00000000a08aef60,0x00000000a3e80000)
 Metaspace       used 26205K, capacity 26734K, committed 26880K, reserved 1073152K
  class space    used 3556K, capacity 3750K, committed 3840K, reserved 1048576K
}
Event: 13.190 GC heap before
{Heap before GC invocations=8 (full 1):
 PSYoungGen      total 59392K, used 55398K [0x00000000e0000000, 0x00000000e4500000, 0x0000000100000000)
  eden space 50176K, 100% used [0x00000000e0000000,0x00000000e3100000,0x00000000e3100000)
  from space 9216K, 56% used [0x00000000e3c00000,0x00000000e4119970,0x00000000e4500000)
  to   space 10240K, 0% used [0x00000000e3100000,0x00000000e3100000,0x00000000e3b00000)
 ParOldGen       total 64000K, used 8891K [0x00000000a0000000, 0x00000000a3e80000, 0x00000000e0000000)
  object space 64000K, 13% used [0x00000000a0000000,0x00000000a08aef60,0x00000000a3e80000)
 Metaspace       used 29275K, capacity 29930K, committed 30080K, reserved 1075200K
  class space    used 4118K, capacity 4388K, committed 4480K, reserved 1048576K
Event: 13.219 GC heap after
Heap after GC invocations=8 (full 1):
 PSYoungGen      total 60416K, used 8822K [0x00000000e0000000, 0x00000000e6200000, 0x0000000100000000)
  eden space 50176K, 0% used [0x00000000e0000000,0x00000000e0000000,0x00000000e3100000)
  from space 10240K, 86% used [0x00000000e3100000,0x00000000e399db58,0x00000000e3b00000)
  to   space 11264K, 0% used [0x00000000e5700000,0x00000000e5700000,0x00000000e6200000)
 ParOldGen       total 64000K, used 8899K [0x00000000a0000000, 0x00000000a3e80000, 0x00000000e0000000)
  object space 64000K, 13% used [0x00000000a0000000,0x00000000a08b0f60,0x00000000a3e80000)
 Metaspace       used 29275K, capacity 29930K, committed 30080K, reserved 1075200K
  class space    used 4118K, capacity 4388K, committed 4480K, reserved 1048576K
}
Event: 15.206 GC heap before
{Heap before GC invocations=9 (full 1):
 PSYoungGen      total 60416K, used 58998K [0x00000000e0000000, 0x00000000e6200000, 0x0000000100000000)
  eden space 50176K, 100% used [0x00000000e0000000,0x00000000e3100000,0x00000000e3100000)
  from space 10240K, 86% used [0x00000000e3100000,0x00000000e399db58,0x00000000e3b00000)
  to   space 11264K, 0% used [0x00000000e5700000,0x00000000e5700000,0x00000000e6200000)
 ParOldGen       total 64000K, used 8899K [0x00000000a0000000, 0x00000000a3e80000, 0x00000000e0000000)
  object space 64000K, 13% used [0x00000000a0000000,0x00000000a08b0f60,0x00000000a3e80000)
 Metaspace       used 31467K, capacity 32106K, committed 32256K, reserved 1077248K
  class space    used 4316K, capacity 4580K, committed 4608K, reserved 1048576K
Event: 15.217 GC heap after
Heap after GC invocations=9 (full 1):
 PSYoungGen      total 84992K, used 7399K [0x00000000e0000000, 0x00000000e6000000, 0x0000000100000000)
  eden space 75776K, 0% used [0x00000000e0000000,0x00000000e0000000,0x00000000e4a00000)
  from space 9216K, 80% used [0x00000000e5700000,0x00000000e5e39e80,0x00000000e6000000)
  to   space 11264K, 0% used [0x00000000e4a00000,0x00000000e4a00000,0x00000000e5500000)
 ParOldGen       total 64000K, used 8915K [0x00000000a0000000, 0x00000000a3e80000, 0x00000000e0000000)
  object space 64000K, 13% used [0x00000000a0000000,0x00000000a08b4f60,0x00000000a3e80000)
 Metaspace       used 31467K, capacity 32106K, committed 32256K, reserved 1077248K
  class space    used 4316K, capacity 4580K, committed 4608K, reserved 1048576K
}
Event: 16.796 GC heap before
{Heap before GC invocations=10 (full 1):
 PSYoungGen      total 84992K, used 38713K [0x00000000e0000000, 0x00000000e6000000, 0x0000000100000000)
  eden space 75776K, 41% used [0x00000000e0000000,0x00000000e1e94970,0x00000000e4a00000)
  from space 9216K, 80% used [0x00000000e5700000,0x00000000e5e39e80,0x00000000e6000000)
  to   space 11264K, 0% used [0x00000000e4a00000,0x00000000e4a00000,0x00000000e5500000)
 ParOldGen       total 64000K, used 8915K [0x00000000a0000000, 0x00000000a3e80000, 0x00000000e0000000)
  object space 64000K, 13% used [0x00000000a0000000,0x00000000a08b4f60,0x00000000a3e80000)
 Metaspace       used 34474K, capacity 35304K, committed 35416K, reserved 1079296K
  class space    used 4700K, capacity 5034K, committed 5120K, reserved 1048576K
Event: 16.814 GC heap after
Heap after GC invocations=10 (full 1):
 PSYoungGen      total 87040K, used 10367K [0x00000000e0000000, 0x00000000e7900000, 0x0000000100000000)
  eden space 75776K, 0% used [0x00000000e0000000,0x00000000e0000000,0x00000000e4a00000)
  from space 11264K, 92% used [0x00000000e4a00000,0x00000000e541ff88,0x00000000e5500000)
  to   space 12288K, 0% used [0x00000000e6d00000,0x00000000e6d00000,0x00000000e7900000)
 ParOldGen       total 64000K, used 8987K [0x00000000a0000000, 0x00000000a3e80000, 0x00000000e0000000)
  object space 64000K, 14% used [0x00000000a0000000,0x00000000a08c6f70,0x00000000a3e80000)
 Metaspace       used 34474K, capacity 35304K, committed 35416K, reserved 1079296K
  class space    used 4700K, capacity 5034K, committed 5120K, reserved 1048576K
}
Event: 16.814 GC heap before
{Heap before GC invocations=11 (full 2):
 PSYoungGen      total 87040K, used 10367K [0x00000000e0000000, 0x00000000e7900000, 0x0000000100000000)
  eden space 75776K, 0% used [0x00000000e0000000,0x00000000e0000000,0x00000000e4a00000)
  from space 11264K, 92% used [0x00000000e4a00000,0x00000000e541ff88,0x00000000e5500000)
  to   space 12288K, 0% used [0x00000000e6d00000,0x00000000e6d00000,0x00000000e7900000)
 ParOldGen       total 64000K, used 8987K [0x00000000a0000000, 0x00000000a3e80000, 0x00000000e0000000)
  object space 64000K, 14% used [0x00000000a0000000,0x00000000a08c6f70,0x00000000a3e80000)
 Metaspace       used 34474K, capacity 35304K, committed 35416K, reserved 1079296K
  class space    used 4700K, capacity 5034K, committed 5120K, reserved 1048576K
Event: 16.951 GC heap after
Heap after GC invocations=11 (full 2):
 PSYoungGen      total 87040K, used 0K [0x00000000e0000000, 0x00000000e7900000, 0x0000000100000000)
  eden space 75776K, 0% used [0x00000000e0000000,0x00000000e0000000,0x00000000e4a00000)
  from space 11264K, 0% used [0x00000000e4a00000,0x00000000e4a00000,0x00000000e5500000)
  to   space 12288K, 0% used [0x00000000e6d00000,0x00000000e6d00000,0x00000000e7900000)
 ParOldGen       total 64000K, used 16446K [0x00000000a0000000, 0x00000000a3e80000, 0x00000000e0000000)
  object space 64000K, 25% used [0x00000000a0000000,0x00000000a100fa78,0x00000000a3e80000)
 Metaspace       used 34474K, capacity 35304K, committed 35416K, reserved 1079296K
  class space    used 4700K, capacity 5034K, committed 5120K, reserved 1048576K
}

