# JRE version: OpenJDK Runtime Environment (8.0_152-b01) (build 1.8.0_152-release-915-b01)
# Java VM: OpenJDK 64-Bit Server VM (25.152-b01 mixed mode windows-amd64 compressed oops)
Heap:
 PSYoungGen      total 300032K, used 61089K [0x00000000e0000000, 0x00000000f9180000, 0x0000000100000000)
  eden space 238080K, 16% used [0x00000000e0000000,0x00000000e262d070,0x00000000ee880000)
  from space 61952K, 35% used [0x00000000f2100000,0x00000000f367b400,0x00000000f5d80000)
  to   space 57856K, 0% used [0x00000000ee880000,0x00000000ee880000,0x00000000f2100000)
 ParOldGen       total 167936K, used 79469K [0x00000000a0000000, 0x00000000aa400000, 0x00000000e0000000)
  object space 167936K, 47% used [0x00000000a0000000,0x00000000a4d9b658,0x00000000aa400000)
 Metaspace       used 90784K, capacity 96766K, committed 96896K, reserved 1132544K
  class space    used 11450K, capacity 12906K, committed 12928K, reserved 1048576K
GC Heap History (10 events):
Event: 1257.634 GC heap before
{Heap before GC invocations=31 (full 3):
 PSYoungGen      total 227840K, used 226971K [0x00000000e0000000, 0x00000000f3300000, 0x0000000100000000)
  eden space 190464K, 99% used [0x00000000e0000000,0x00000000eb947808,0x00000000eba00000)
  from space 37376K, 99% used [0x00000000ec000000,0x00000000ee45f418,0x00000000ee480000)
  to   space 61952K, 0% used [0x00000000ef680000,0x00000000ef680000,0x00000000f3300000)
 ParOldGen       total 167936K, used 58970K [0x00000000a0000000, 0x00000000aa400000, 0x00000000e0000000)
  object space 167936K, 35% used [0x00000000a0000000,0x00000000a3996a40,0x00000000aa400000)
 Metaspace       used 89647K, capacity 95504K, committed 95744K, reserved 1132544K
  class space    used 11347K, capacity 12778K, committed 12800K, reserved 1048576K
Event: 1257.689 GC heap after
Heap after GC invocations=31 (full 3):
 PSYoungGen      total 244224K, used 40868K [0x00000000e0000000, 0x00000000f3080000, 0x0000000100000000)
  eden space 184832K, 0% used [0x00000000e0000000,0x00000000e0000000,0x00000000eb480000)
  from space 59392K, 68% used [0x00000000ef680000,0x00000000f1e692c0,0x00000000f3080000)
  to   space 63488K, 0% used [0x00000000eb480000,0x00000000eb480000,0x00000000ef280000)
 ParOldGen       total 167936K, used 58978K [0x00000000a0000000, 0x00000000aa400000, 0x00000000e0000000)
  object space 167936K, 35% used [0x00000000a0000000,0x00000000a3998a40,0x00000000aa400000)
 Metaspace       used 89647K, capacity 95504K, committed 95744K, reserved 1132544K
  class space    used 11347K, capacity 12778K, committed 12800K, reserved 1048576K
}
Event: 1257.710 GC heap before
{Heap before GC invocations=32 (full 3):
 PSYoungGen      total 244224K, used 224724K [0x00000000e0000000, 0x00000000f3080000, 0x0000000100000000)
  eden space 184832K, 99% used [0x00000000e0000000,0x00000000eb38c050,0x00000000eb480000)
  from space 59392K, 68% used [0x00000000ef680000,0x00000000f1e692c0,0x00000000f3080000)
  to   space 63488K, 0% used [0x00000000eb480000,0x00000000eb480000,0x00000000ef280000)
 ParOldGen       total 167936K, used 58978K [0x00000000a0000000, 0x00000000aa400000, 0x00000000e0000000)
  object space 167936K, 35% used [0x00000000a0000000,0x00000000a3998a40,0x00000000aa400000)
 Metaspace       used 89651K, capacity 95504K, committed 95744K, reserved 1132544K
  class space    used 11347K, capacity 12778K, committed 12800K, reserved 1048576K
Event: 1257.757 GC heap after
Heap after GC invocations=32 (full 3):
 PSYoungGen      total 248320K, used 38852K [0x00000000e0000000, 0x00000000f5f00000, 0x0000000100000000)
  eden space 184832K, 0% used [0x00000000e0000000,0x00000000e0000000,0x00000000eb480000)
  from space 63488K, 61% used [0x00000000eb480000,0x00000000eda71208,0x00000000ef280000)
  to   space 63488K, 0% used [0x00000000f2100000,0x00000000f2100000,0x00000000f5f00000)
 ParOldGen       total 167936K, used 58986K [0x00000000a0000000, 0x00000000aa400000, 0x00000000e0000000)
  object space 167936K, 35% used [0x00000000a0000000,0x00000000a399aa40,0x00000000aa400000)
 Metaspace       used 89651K, capacity 95504K, committed 95744K, reserved 1132544K
  class space    used 11347K, capacity 12778K, committed 12800K, reserved 1048576K
}
Event: 1257.774 GC heap before
{Heap before GC invocations=33 (full 3):
 PSYoungGen      total 248320K, used 223023K [0x00000000e0000000, 0x00000000f5f00000, 0x0000000100000000)
  eden space 184832K, 99% used [0x00000000e0000000,0x00000000eb3daae0,0x00000000eb480000)
  from space 63488K, 61% used [0x00000000eb480000,0x00000000eda71208,0x00000000ef280000)
  to   space 63488K, 0% used [0x00000000f2100000,0x00000000f2100000,0x00000000f5f00000)
 ParOldGen       total 167936K, used 58986K [0x00000000a0000000, 0x00000000aa400000, 0x00000000e0000000)
  object space 167936K, 35% used [0x00000000a0000000,0x00000000a399aa40,0x00000000aa400000)
 Metaspace       used 89658K, capacity 95504K, committed 95744K, reserved 1132544K
  class space    used 11347K, capacity 12778K, committed 12800K, reserved 1048576K
Event: 1257.822 GC heap after
Heap after GC invocations=33 (full 3):
 PSYoungGen      total 296960K, used 32945K [0x00000000e0000000, 0x00000000f5d80000, 0x0000000100000000)
  eden space 235008K, 0% used [0x00000000e0000000,0x00000000e0000000,0x00000000ee580000)
  from space 61952K, 53% used [0x00000000f2100000,0x00000000f412c550,0x00000000f5d80000)
  to   space 60928K, 0% used [0x00000000ee580000,0x00000000ee580000,0x00000000f2100000)
 ParOldGen       total 167936K, used 64678K [0x00000000a0000000, 0x00000000aa400000, 0x00000000e0000000)
  object space 167936K, 38% used [0x00000000a0000000,0x00000000a3f29a18,0x00000000aa400000)
 Metaspace       used 89658K, capacity 95504K, committed 95744K, reserved 1132544K
  class space    used 11347K, capacity 12778K, committed 12800K, reserved 1048576K
}
Event: 1262.127 GC heap before
{Heap before GC invocations=34 (full 3):
 PSYoungGen      total 296960K, used 267953K [0x00000000e0000000, 0x00000000f5d80000, 0x0000000100000000)
  eden space 235008K, 100% used [0x00000000e0000000,0x00000000ee580000,0x00000000ee580000)
  from space 61952K, 53% used [0x00000000f2100000,0x00000000f412c550,0x00000000f5d80000)
  to   space 60928K, 0% used [0x00000000ee580000,0x00000000ee580000,0x00000000f2100000)
 ParOldGen       total 167936K, used 64678K [0x00000000a0000000, 0x00000000aa400000, 0x00000000e0000000)
  object space 167936K, 38% used [0x00000000a0000000,0x00000000a3f29a18,0x00000000aa400000)
 Metaspace       used 90016K, capacity 95962K, committed 96128K, reserved 1132544K
  class space    used 11404K, capacity 12823K, committed 12928K, reserved 1048576K
Event: 1262.162 GC heap after
Heap after GC invocations=34 (full 3):
 PSYoungGen      total 295936K, used 22201K [0x00000000e0000000, 0x00000000f5d80000, 0x0000000100000000)
  eden space 235008K, 0% used [0x00000000e0000000,0x00000000e0000000,0x00000000ee580000)
  from space 60928K, 36% used [0x00000000ee580000,0x00000000efb2e490,0x00000000f2100000)
  to   space 61952K, 0% used [0x00000000f2100000,0x00000000f2100000,0x00000000f5d80000)
 ParOldGen       total 167936K, used 77190K [0x00000000a0000000, 0x00000000aa400000, 0x00000000e0000000)
  object space 167936K, 45% used [0x00000000a0000000,0x00000000a4b61830,0x00000000aa400000)
 Metaspace       used 90016K, capacity 95962K, committed 96128K, reserved 1132544K
  class space    used 11404K, capacity 12823K, committed 12928K, reserved 1048576K
}
Event: 1270.114 GC heap before
{Heap before GC invocations=35 (full 3):
 PSYoungGen      total 295936K, used 257209K [0x00000000e0000000, 0x00000000f5d80000, 0x0000000100000000)
  eden space 235008K, 100% used [0x00000000e0000000,0x00000000ee580000,0x00000000ee580000)
  from space 60928K, 36% used [0x00000000ee580000,0x00000000efb2e490,0x00000000f2100000)
  to   space 61952K, 0% used [0x00000000f2100000,0x00000000f2100000,0x00000000f5d80000)
 ParOldGen       total 167936K, used 77190K [0x00000000a0000000, 0x00000000aa400000, 0x00000000e0000000)
  object space 167936K, 45% used [0x00000000a0000000,0x00000000a4b61830,0x00000000aa400000)
 Metaspace       used 90649K, capacity 96702K, committed 96896K, reserved 1132544K
  class space    used 11448K, capacity 12906K, committed 12928K, reserved 1048576K
Event: 1270.137 GC heap after
Heap after GC invocations=35 (full 3):
 PSYoungGen      total 300032K, used 21997K [0x00000000e0000000, 0x00000000f9180000, 0x0000000100000000)
  eden space 238080K, 0% used [0x00000000e0000000,0x00000000e0000000,0x00000000ee880000)
  from space 61952K, 35% used [0x00000000f2100000,0x00000000f367b400,0x00000000f5d80000)
  to   space 57856K, 0% used [0x00000000ee880000,0x00000000ee880000,0x00000000f2100000)
 ParOldGen       total 167936K, used 79469K [0x00000000a0000000, 0x00000000aa400000, 0x00000000e0000000)
  object space 167936K, 47% used [0x00000000a0000000,0x00000000a4d9b658,0x00000000aa400000)
 Metaspace       used 90649K, capacity 96702K, committed 96896K, reserved 1132544K
  class space    used 11448K, capacity 12906K, committed 12928K, reserved 1048576K
}

