# JRE version: OpenJDK Runtime Environment (8.0_152-b01) (build 1.8.0_152-release-915-b01)
# Java VM: OpenJDK 64-Bit Server VM (25.152-b01 mixed mode windows-amd64 compressed oops)
Heap:
 PSYoungGen      total 479232K, used 126806K [0x00000000e0000000, 0x0000000100000000, 0x0000000100000000)
  eden space 460288K, 27% used [0x00000000e0000000,0x00000000e7bd5918,0x00000000fc180000)
  from space 18944K, 0% used [0x00000000fc180000,0x00000000fc180000,0x00000000fd400000)
  to   space 36864K, 0% used [0x00000000fdc00000,0x00000000fdc00000,0x0000000100000000)
 ParOldGen       total 123904K, used 73816K [0x00000000a0000000, 0x00000000a7900000, 0x00000000e0000000)
  object space 123904K, 59% used [0x00000000a0000000,0x00000000a4816360,0x00000000a7900000)
 Metaspace       used 60147K, capacity 62282K, committed 62424K, reserved 1103872K
  class space    used 7826K, capacity 8346K, committed 8448K, reserved 1048576K
GC Heap History (10 events):
Event: 41.352 GC heap before
{Heap before GC invocations=28 (full 3):
 PSYoungGen      total 415744K, used 405936K [0x00000000e0000000, 0x00000000fac00000, 0x0000000100000000)
  eden space 398336K, 100% used [0x00000000e0000000,0x00000000f8500000,0x00000000f8500000)
  from space 17408K, 43% used [0x00000000f9b00000,0x00000000fa26c0b0,0x00000000fac00000)
  to   space 19968K, 0% used [0x00000000f8500000,0x00000000f8500000,0x00000000f9880000)
 ParOldGen       total 123904K, used 65691K [0x00000000a0000000, 0x00000000a7900000, 0x00000000e0000000)
  object space 123904K, 53% used [0x00000000a0000000,0x00000000a4026c98,0x00000000a7900000)
 Metaspace       used 58296K, capacity 60208K, committed 60376K, reserved 1101824K
  class space    used 7617K, capacity 8109K, committed 8192K, reserved 1048576K
Event: 41.381 GC heap after
Heap after GC invocations=28 (full 3):
 PSYoungGen      total 418304K, used 10768K [0x00000000e0000000, 0x00000000fe680000, 0x0000000100000000)
  eden space 398336K, 0% used [0x00000000e0000000,0x00000000e0000000,0x00000000f8500000)
  from space 19968K, 53% used [0x00000000f8500000,0x00000000f8f84100,0x00000000f9880000)
  to   space 18944K, 0% used [0x00000000fd400000,0x00000000fd400000,0x00000000fe680000)
 ParOldGen       total 123904K, used 69327K [0x00000000a0000000, 0x00000000a7900000, 0x00000000e0000000)
  object space 123904K, 55% used [0x00000000a0000000,0x00000000a43b3ca8,0x00000000a7900000)
 Metaspace       used 58296K, capacity 60208K, committed 60376K, reserved 1101824K
  class space    used 7617K, capacity 8109K, committed 8192K, reserved 1048576K
}
Event: 43.260 GC heap before
{Heap before GC invocations=29 (full 3):
 PSYoungGen      total 418304K, used 409104K [0x00000000e0000000, 0x00000000fe680000, 0x0000000100000000)
  eden space 398336K, 100% used [0x00000000e0000000,0x00000000f8500000,0x00000000f8500000)
  from space 19968K, 53% used [0x00000000f8500000,0x00000000f8f84100,0x00000000f9880000)
  to   space 18944K, 0% used [0x00000000fd400000,0x00000000fd400000,0x00000000fe680000)
 ParOldGen       total 123904K, used 69327K [0x00000000a0000000, 0x00000000a7900000, 0x00000000e0000000)
  object space 123904K, 55% used [0x00000000a0000000,0x00000000a43b3ca8,0x00000000a7900000)
 Metaspace       used 58310K, capacity 60208K, committed 60376K, reserved 1101824K
  class space    used 7618K, capacity 8109K, committed 8192K, reserved 1048576K
Event: 43.298 GC heap after
Heap after GC invocations=29 (full 3):
 PSYoungGen      total 479232K, used 6592K [0x00000000e0000000, 0x00000000fe680000, 0x0000000100000000)
  eden space 460288K, 0% used [0x00000000e0000000,0x00000000e0000000,0x00000000fc180000)
  from space 18944K, 34% used [0x00000000fd400000,0x00000000fda70080,0x00000000fe680000)
  to   space 18944K, 0% used [0x00000000fc180000,0x00000000fc180000,0x00000000fd400000)
 ParOldGen       total 123904K, used 76342K [0x00000000a0000000, 0x00000000a7900000, 0x00000000e0000000)
  object space 123904K, 61% used [0x00000000a0000000,0x00000000a4a8db80,0x00000000a7900000)
 Metaspace       used 58310K, capacity 60208K, committed 60376K, reserved 1101824K
  class space    used 7618K, capacity 8109K, committed 8192K, reserved 1048576K
}
Event: 51.732 GC heap before
{Heap before GC invocations=30 (full 3):
 PSYoungGen      total 479232K, used 466880K [0x00000000e0000000, 0x00000000fe680000, 0x0000000100000000)
  eden space 460288K, 100% used [0x00000000e0000000,0x00000000fc180000,0x00000000fc180000)
  from space 18944K, 34% used [0x00000000fd400000,0x00000000fda70080,0x00000000fe680000)
  to   space 18944K, 0% used [0x00000000fc180000,0x00000000fc180000,0x00000000fd400000)
 ParOldGen       total 123904K, used 76342K [0x00000000a0000000, 0x00000000a7900000, 0x00000000e0000000)
  object space 123904K, 61% used [0x00000000a0000000,0x00000000a4a8db80,0x00000000a7900000)
 Metaspace       used 58959K, capacity 61012K, committed 61144K, reserved 1101824K
  class space    used 7688K, capacity 8191K, committed 8192K, reserved 1048576K
Event: 51.775 GC heap after
Heap after GC invocations=30 (full 3):
 PSYoungGen      total 479232K, used 18943K [0x00000000e0000000, 0x0000000100000000, 0x0000000100000000)
  eden space 460288K, 0% used [0x00000000e0000000,0x00000000e0000000,0x00000000fc180000)
  from space 18944K, 99% used [0x00000000fc180000,0x00000000fd3ffc48,0x00000000fd400000)
  to   space 36864K, 0% used [0x00000000fdc00000,0x00000000fdc00000,0x0000000100000000)
 ParOldGen       total 123904K, used 118344K [0x00000000a0000000, 0x00000000a7900000, 0x00000000e0000000)
  object space 123904K, 95% used [0x00000000a0000000,0x00000000a7392058,0x00000000a7900000)
 Metaspace       used 58959K, capacity 61012K, committed 61144K, reserved 1101824K
  class space    used 7688K, capacity 8191K, committed 8192K, reserved 1048576K
}
Event: 51.775 GC heap before
{Heap before GC invocations=31 (full 4):
 PSYoungGen      total 479232K, used 18943K [0x00000000e0000000, 0x0000000100000000, 0x0000000100000000)
  eden space 460288K, 0% used [0x00000000e0000000,0x00000000e0000000,0x00000000fc180000)
  from space 18944K, 99% used [0x00000000fc180000,0x00000000fd3ffc48,0x00000000fd400000)
  to   space 36864K, 0% used [0x00000000fdc00000,0x00000000fdc00000,0x0000000100000000)
 ParOldGen       total 123904K, used 118344K [0x00000000a0000000, 0x00000000a7900000, 0x00000000e0000000)
  object space 123904K, 95% used [0x00000000a0000000,0x00000000a7392058,0x00000000a7900000)
 Metaspace       used 58959K, capacity 61012K, committed 61144K, reserved 1101824K
  class space    used 7688K, capacity 8191K, committed 8192K, reserved 1048576K
Event: 52.377 GC heap after
Heap after GC invocations=31 (full 4):
 PSYoungGen      total 479232K, used 0K [0x00000000e0000000, 0x0000000100000000, 0x0000000100000000)
  eden space 460288K, 0% used [0x00000000e0000000,0x00000000e0000000,0x00000000fc180000)
  from space 18944K, 0% used [0x00000000fc180000,0x00000000fc180000,0x00000000fd400000)
  to   space 36864K, 0% used [0x00000000fdc00000,0x00000000fdc00000,0x0000000100000000)
 ParOldGen       total 123904K, used 102935K [0x00000000a0000000, 0x00000000a7900000, 0x00000000e0000000)
  object space 123904K, 83% used [0x00000000a0000000,0x00000000a6485e88,0x00000000a7900000)
 Metaspace       used 58959K, capacity 61012K, committed 61144K, reserved 1101824K
  class space    used 7688K, capacity 8191K, committed 8192K, reserved 1048576K
}
Event: 56.566 GC heap before
{Heap before GC invocations=32 (full 5):
 PSYoungGen      total 479232K, used 460288K [0x00000000e0000000, 0x0000000100000000, 0x0000000100000000)
  eden space 460288K, 100% used [0x00000000e0000000,0x00000000fc180000,0x00000000fc180000)
  from space 18944K, 0% used [0x00000000fc180000,0x00000000fc180000,0x00000000fd400000)
  to   space 36864K, 0% used [0x00000000fdc00000,0x00000000fdc00000,0x0000000100000000)
 ParOldGen       total 123904K, used 102935K [0x00000000a0000000, 0x00000000a7900000, 0x00000000e0000000)
  object space 123904K, 83% used [0x00000000a0000000,0x00000000a6485e88,0x00000000a7900000)
 Metaspace       used 59966K, capacity 62108K, committed 62424K, reserved 1103872K
  class space    used 7797K, capacity 8323K, committed 8448K, reserved 1048576K
Event: 56.809 GC heap after
Heap after GC invocations=32 (full 5):
 PSYoungGen      total 479232K, used 0K [0x00000000e0000000, 0x0000000100000000, 0x0000000100000000)
  eden space 460288K, 0% used [0x00000000e0000000,0x00000000e0000000,0x00000000fc180000)
  from space 18944K, 0% used [0x00000000fc180000,0x00000000fc180000,0x00000000fd400000)
  to   space 36864K, 0% used [0x00000000fdc00000,0x00000000fdc00000,0x0000000100000000)
 ParOldGen       total 123904K, used 73816K [0x00000000a0000000, 0x00000000a7900000, 0x00000000e0000000)
  object space 123904K, 59% used [0x00000000a0000000,0x00000000a4816360,0x00000000a7900000)
 Metaspace       used 59966K, capacity 62108K, committed 62424K, reserved 1103872K
  class space    used 7797K, capacity 8323K, committed 8448K, reserved 1048576K
}

